<?xml version="1.0" encoding="UTF-8"?>
<testsuite xmlns:xsi="http://www.w3.org/2001/XMLSchema-instance" xsi:noNamespaceSchemaLocation="https://maven.apache.org/surefire/maven-surefire-plugin/xsd/surefire-test-report-3.0.xsd" version="3.0" name="TestSuite" time="45.31" tests="45" errors="0" skipped="0" failures="12">
  <properties>
[...]
</properties>
  <testcase name="runScenario[&quot;Check if user as Dietician able to retrieve all morbidity details with &quot;get_all_morbidity_valid&quot; endpoint and request body.&quot;, &quot;Optional[GetAllMorbidities.feature]&quot;](1)" classname="runners.TestRunner" time="6.63">
    <system-out><![CDATA[
@GetAllMorbidityModule
Scenario: Check if user as Dietician able to retrieve all morbidity details with "get_all_morbidity_valid" endpoint and request body. &amp#27;[90m# src/test/resources/features/GetAllMorbidity.feature:33&amp#27;[0m
sheetPathsrc/test/resources/data/testData.xlsx
sheetNamelogin
keydataKeyvaluelogin_valid_dietician
keyuserIdvalueangu.geetha@gmail.com
keypasswordvalueSong88
[INFO ] 2023-11-21 12:48:48.021 [main] LoggerLoad - Login Request: userId: angu.geetha@gmail.compassword: Song88
  &amp#27;[32mGiven &amp#27;[0m&amp#27;[32mUser creates POST Request for the login API.&amp#27;[0m                                                                                  &amp#27;[90m# stepdefinitions.LoginSteps.user_creates_post_request_for_the_login_api()&amp#27;[0m
Request method:	POST
Request URI:	https://dietician-dev-41d9a344a720.herokuapp.com/dietician/login
Proxy:			<none>
Request params:	<none>
Query params:	<none>
Form params:	<none>
Path params:	<none>
Headers:		Accept=*/*
				Content-Type=application/json
Cookies:		<none>
Multiparts:		<none>
Body:
{
    "userLoginEmail": "angu.geetha@gmail.com",
    "password": "Song88"
}
  &amp#27;[32mWhen &amp#27;[0m&amp#27;[32mUser sends HTTPS Request with valid credentials on the request Body.&amp#27;[0m                                                           &amp#27;[90m# stepdefinitions.LoginSteps.user_sends_https_request_with_valid_credentials_on_the_request_body()&amp#27;[0m
HTTP/1.1 200 
Server: Cowboy
Report-To: {"group":"heroku-nel","max_age":3600,"endpoints":[{"url":"https://nel.heroku.com/reports?ts=1700588930&sid=c46efe9b-d3d2-4a0c-8c76-bfafa16c5add&s=BrK%2FJM%2BDxxl7FTOxhTDf6ECHJXuU%2Fa7YoDxCRYBJ9zA%3D"}]}
Reporting-Endpoints: heroku-nel=https://nel.heroku.com/reports?ts=1700588930&sid=c46efe9b-d3d2-4a0c-8c76-bfafa16c5add&s=BrK%2FJM%2BDxxl7FTOxhTDf6ECHJXuU%2Fa7YoDxCRYBJ9zA%3D
Nel: {"report_to":"heroku-nel","max_age":3600,"success_fraction":0.005,"failure_fraction":0.05,"response_headers":["Via"]}
Connection: keep-alive
Vary: Origin
Vary: Access-Control-Request-Method
Vary: Access-Control-Request-Headers
X-Content-Type-Options: nosniff
X-Xss-Protection: 1; mode=block
Cache-Control: no-cache, no-store, max-age=0, must-revalidate
Pragma: no-cache
Expires: 0
Strict-Transport-Security: max-age=31536000 ; includeSubDomains
X-Frame-Options: DENY
Content-Type: application/json
Transfer-Encoding: chunked
Date: Tue, 21 Nov 2023 17:48:51 GMT
Via: 1.1 vegur

{
    "token": "eyJhbGciOiJIUzUxMiJ9.eyJzdWIiOiJhbmd1LmdlZXRoYUBnbWFpbC5jb20iLCJpYXQiOjE3MDA1ODg5MzEsImV4cCI6MTcwMDYxNzczMX0.rSYdQZv4kUMZKXG2tZ3A5Ig9weo0VAogVRSlyA74qTJvPc5CkaaGOjDhiGxDZFzFBzafI9wadQCPLkrMz8eGtg",
    "type": "Bearer ",
    "userId": 93,
    "loginUserEmail": "angu.geetha@gmail.com",
    "roles": [
        "ROLE_DIETICIAN"
    ]
}
HTTP/1.1 200 
Server: Cowboy
Report-To: {"group":"heroku-nel","max_age":3600,"endpoints":[{"url":"https://nel.heroku.com/reports?ts=1700588930&sid=c46efe9b-d3d2-4a0c-8c76-bfafa16c5add&s=BrK%2FJM%2BDxxl7FTOxhTDf6ECHJXuU%2Fa7YoDxCRYBJ9zA%3D"}]}
Reporting-Endpoints: heroku-nel=https://nel.heroku.com/reports?ts=1700588930&sid=c46efe9b-d3d2-4a0c-8c76-bfafa16c5add&s=BrK%2FJM%2BDxxl7FTOxhTDf6ECHJXuU%2Fa7YoDxCRYBJ9zA%3D
Nel: {"report_to":"heroku-nel","max_age":3600,"success_fraction":0.005,"failure_fraction":0.05,"response_headers":["Via"]}
Connection: keep-alive
Vary: Origin
Vary: Access-Control-Request-Method
Vary: Access-Control-Request-Headers
X-Content-Type-Options: nosniff
X-Xss-Protection: 1; mode=block
Cache-Control: no-cache, no-store, max-age=0, must-revalidate
Pragma: no-cache
Expires: 0
Strict-Transport-Security: max-age=31536000 ; includeSubDomains
X-Frame-Options: DENY
Content-Type: application/json
Transfer-Encoding: chunked
Date: Tue, 21 Nov 2023 17:48:51 GMT
Via: 1.1 vegur

{
    "token": "eyJhbGciOiJIUzUxMiJ9.eyJzdWIiOiJhbmd1LmdlZXRoYUBnbWFpbC5jb20iLCJpYXQiOjE3MDA1ODg5MzEsImV4cCI6MTcwMDYxNzczMX0.rSYdQZv4kUMZKXG2tZ3A5Ig9weo0VAogVRSlyA74qTJvPc5CkaaGOjDhiGxDZFzFBzafI9wadQCPLkrMz8eGtg",
    "type": "Bearer ",
    "userId": 93,
    "loginUserEmail": "angu.geetha@gmail.com",
    "roles": [
        "ROLE_DIETICIAN"
    ]
}
[INFO ] 2023-11-21 12:48:52.104 [main] LoggerLoad - Login POST successful
  &amp#27;[32mThen &amp#27;[0m&amp#27;[32mUser receives Status with response body containing token information.&amp#27;[0m                                                          &amp#27;[90m# stepdefinitions.LoginSteps.user_receives_status_with_response_body_containing_token_information()&amp#27;[0m
sheetPathsrc/test/resources/data/testData.xlsx
sheetNamegetmorbidity
keydataKeyvalueget_all_morbidity_valid
[INFO ] 2023-11-21 12:48:52.346 [main] LoggerLoad - Paitient POST request created
  &amp#27;[32mGiven &amp#27;[0m&amp#27;[32mDietician creates GET Request for all Morbidity API endpoint with fields from &amp#27;[0m&amp#27;[32m&amp#27;[1m"getmorbidity"&amp#27;[0m&amp#27;[32m with &amp#27;[0m&amp#27;[32m&amp#27;[1m"get_all_morbidity_valid"&amp#27;[0m&amp#27;[32m.&amp#27;[0m  &amp#27;[90m# stepdefinitions.GetAllMorbiditySteps.dietician_creates_get_request_for_all_morbidity_api_endpoint_with_fields_from_with(java.lang.String,java.lang.String)&amp#27;[0m
[INFO ] 2023-11-21 12:48:52.348 [main] LoggerLoad - baseUrlhttps://dietician-dev-41d9a344a720.herokuapp.com/dietician
Request method:	GET
Request URI:	https://dietician-dev-41d9a344a720.herokuapp.com/dietician/patient
Proxy:			<none>
Request params:	<none>
Query params:	<none>
Form params:	<none>
Path params:	<none>
Headers:		Authorization=Bearer eyJhbGciOiJIUzUxMiJ9.eyJzdWIiOiJhbmd1LmdlZXRoYUBnbWFpbC5jb20iLCJpYXQiOjE3MDA1ODg5MzEsImV4cCI6MTcwMDYxNzczMX0.rSYdQZv4kUMZKXG2tZ3A5Ig9weo0VAogVRSlyA74qTJvPc5CkaaGOjDhiGxDZFzFBzafI9wadQCPLkrMz8eGtg
				Accept=*/*
				Content-Type=application/json
Cookies:		<none>
Multiparts:		<none>
Body:			<none>
[INFO ] 2023-11-21 12:48:52.598 [main] LoggerLoad - Patient POST request sent
  &amp#27;[32mWhen &amp#27;[0m&amp#27;[32mDietician sends HTTPS Request for all Morbidity API &amp#27;[0m&amp#27;[32m&amp#27;[1m"get_all_morbidity_valid"&amp#27;[0m&amp#27;[32m.&amp#27;[0m                                                 &amp#27;[90m# stepdefinitions.GetAllMorbiditySteps.dietician_sends_https_request_for_all_morbidity_api(java.lang.String)&amp#27;[0m
HTTP/1.1 200 
Server: Cowboy
Report-To: {"group":"heroku-nel","max_age":3600,"endpoints":[{"url":"https://nel.heroku.com/reports?ts=1700588932&sid=c46efe9b-d3d2-4a0c-8c76-bfafa16c5add&s=YDJjFRTaVYHkF0IhZvSgiPt52QDPCRaMQY5SVWFN4tg%3D"}]}
Reporting-Endpoints: heroku-nel=https://nel.heroku.com/reports?ts=1700588932&sid=c46efe9b-d3d2-4a0c-8c76-bfafa16c5add&s=YDJjFRTaVYHkF0IhZvSgiPt52QDPCRaMQY5SVWFN4tg%3D
Nel: {"report_to":"heroku-nel","max_age":3600,"success_fraction":0.005,"failure_fraction":0.05,"response_headers":["Via"]}
Connection: keep-alive
Vary: Origin
Vary: Access-Control-Request-Method
Vary: Access-Control-Request-Headers
X-Content-Type-Options: nosniff
X-Xss-Protection: 1; mode=block
Cache-Control: no-cache, no-store, max-age=0, must-revalidate
Pragma: no-cache
Expires: 0
Strict-Transport-Security: max-age=31536000 ; includeSubDomains
X-Frame-Options: DENY
Content-Type: application/json
Transfer-Encoding: chunked
Date: Tue, 21 Nov 2023 17:48:52 GMT
Via: 1.1 vegur

[
    {
        "patientId": 5343,
        "FirstName": "jade",
        "LastName": "udans",
        "ContactNumber": "7979797979",
        "Email": "udans@gmail.com",
        "Allergy": "egg",
        "FoodCategory": "Vegan",
        "FileMorbidity": {
            "655ccc47fa57dd184cbeaa20": {
                "T4": "1.22 µg/dl",
                "TSH": "100.0 mIU/L"
            },
            "655c37c7fa57dd184cbea40a": {
                "Average Glucose": "131.0 mg/dl",
                "HbA1c": "6.5 %"
            },
            "655ccc60fa57dd184cbeaa22": {
                "T4": "1.22 µg/dl",
                "TSH": "100.0 mIU/L"
            },
            "655ce90a9cc3984158e1931f": {
                "T4": "1.22 µg/dl",
                "TSH": "100.0 mIU/L"
            },
            "655ce9d79cc3984158e1932f": {
                "T4": "1.22 µg/dl",
                "TSH": "100.0 mIU/L"
            },
            "655ce8b39cc3984158e19311": {
                "T4": "1.22 µg/dl",
                "TSH": "100.0 mIU/L"
            },
            "655ce9109cc3984158e19325": {
                "T4": "1.22 µg/dl",
                "TSH": "100.0 mIU/L"
            },
            "655ce90e9cc3984158e19323": {
                "T4": "1.22 µg/dl",
                "TSH": "100.0 mIU/L"
            },
            "655ce9db9cc3984158e19333": {
                "T4": "1.22 µg/dl",
                "TSH": "100.0 mIU/L"
            },
            "655c4a45fa57dd184cbea60a": {
                "T4": "1.22 µg/dl",
                "TSH": "100.0 mIU/L"
            },
            "655c37dbfa57dd184cbea412": {
                "T4": "1.22 µg/dl",
                "TSH": "100.0 mIU/L"
            },
            "655caf4cfa57dd184cbea8c0": {
                "T4": "1.22 µg/dl",
                "TSH": "100.0 mIU/L"
            },
            "655cea739cc3984158e19337": {
                "T4": "1.22 µg/dl",
                "TSH": "100.0 mIU/L"
            },
            "655cea779cc3984158e1933b": {
                "T4": "1.22 µg/dl",
                "TSH": "100.0 mIU/L"
            },
            "655c37d9fa57dd184cbea410": {
                "T4": "1.22 µg/dl",
                "TSH": "100.0 mIU/L"
            },
            "655caf50fa57dd184cbea8c4": {
                "T4": "1.22 µg/dl",
                "TSH": "100.0 mIU/L"
            },
            "655ce9da9cc3984158e19331": {
                "T4": "1.22 µg/dl",
                "TSH": "100.0 mIU/L"
            },
            "655ce9d69cc3984158e1932d": {
                "T4": "1.22 µg/dl",
                "TSH": "100.0 mIU/L"
            },
            "655ccc16fa57dd184cbeaa18": {
                "T4": "1.22 µg/dl",
                "TSH": "100.0 mIU/L"
            },
            "655ccc0afa57dd184cbeaa16": {
                "T4": "1.22 µg/dl",
                "TSH": "100.0 mIU/L"
            },
            "655ce8b89cc3984158e19317": {
                "T4": "1.22 µg/dl",
                "TSH": "100.0 mIU/L"
            },
            "655ce8b69cc3984158e19315": {
                "T4": "1.22 µg/dl",
                "TSH": "100.0 mIU/L"
            },
            "655ce90b9cc3984158e19321": {
                "T4": "1.22 µg/dl",
                "TSH": "100.0 mIU/L"
            },
            "655ce8b49cc3984158e19313": {
                "T4": "1.22 µg/dl",
                "TSH": "100.0 mIU/L"
            },
            "655c4a42fa57dd184cbea606": {
                "T4": "1.22 µg/dl",
                "TSH": "100.0 mIU/L"
            },
            "655c4a46fa57dd184cbea60c": {
                "T4": "1.22 µg/dl",
                "TSH": "100.0 mIU/L"
            },
            "655c4a42fa57dd184cbea608": {
                "T4": "1.22 µg/dl",
                "TSH": "100.0 mIU/L"
            },
            "655c37dcfa57dd184cbea414": {
                "T4": "1.22 µg/dl",
                "TSH": "100.0 mIU/L"
            },
            "655caf4bfa57dd184cbea8be": {
                "T4": "1.22 µg/dl",
                "TSH": "100.0 mIU/L"
            },
            "655cea769cc3984158e19339": {
                "T4": "1.22 µg/dl",
                "TSH": "100.0 mIU/L"
            },
            "655c37d8fa57dd184cbea40c": {
                "T4": "1.22 µg/dl",
                "TSH": "100.0 mIU/L"
            },
            "655caf4ffa57dd184cbea8c2": {
                "T4": "1.22 µg/dl",
                "TSH": "100.0 mIU/L"
            },
            "655cea729cc3984158e19335": {
                "T4": "1.22 µg/dl",
                "TSH": "100.0 mIU/L"
            }
        },
        "FileMorbidityCondition": {
            "655ccc47fa57dd184cbeaa20": "Thyroid: Hypothyroidism \n",
            "655c37c7fa57dd184cbea40a": "Prediabetic \n",
            "655ccc60fa57dd184cbeaa22": "Thyroid: Hypothyroidism \n",
            "655ce90a9cc3984158e1931f": "Thyroid: Hypothyroidism \n",
            "655ce9d79cc3984158e1932f": "Thyroid: Hypothyroidism \n",
            "655ce8b39cc3984158e19311": "Thyroid: Hypothyroidism \n",
            "655ce9109cc3984158e19325": "Thyroid: Hypothyroidism \n",
            "655ce90e9cc3984158e19323": "Thyroid: Hypothyroidism \n",
            "655ce9db9cc3984158e19333": "Thyroid: Hypothyroidism \n",
            "655c4a45fa57dd184cbea60a": "Thyroid: Hypothyroidism \n",
            "655c37dbfa57dd184cbea412": "Thyroid: Hypothyroidism \n",
            "655caf4cfa57dd184cbea8c0": "Thyroid: Hypothyroidism \n",
            "655cea739cc3984158e19337": "Thyroid: Hypothyroidism \n",
            "655cea779cc3984158e1933b": "Thyroid: Hypothyroidism \n",
            "655c37d9fa57dd184cbea410": "Thyroid: Hypothyroidism \n",
            "655caf50fa57dd184cbea8c4": "Thyroid: Hypothyroidism \n",
            "655ce9da9cc3984158e19331": "Thyroid: Hypothyroidism \n",
            "655ce9d69cc3984158e1932d": "Thyroid: Hypothyroidism \n",
            "655ccc16fa57dd184cbeaa18": "Thyroid: Hypothyroidism \n",
            "655ccc0afa57dd184cbeaa16": "Thyroid: Hypothyroidism \n",
            "655ce8b89cc3984158e19317": "Thyroid: Hypothyroidism \n",
            "655ce8b69cc3984158e19315": "Thyroid: Hypothyroidism \n",
            "655ce90b9cc3984158e19321": "Thyroid: Hypothyroidism \n",
            "655ce8b49cc3984158e19313": "Thyroid: Hypothyroidism \n",
            "655c4a42fa57dd184cbea606": "Thyroid: Hypothyroidism \n",
            "655c4a46fa57dd184cbea60c": "Thyroid: Hypothyroidism \n",
            "655c4a42fa57dd184cbea608": "Thyroid: Hypothyroidism \n",
            "655c37dcfa57dd184cbea414": "Thyroid: Hypothyroidism \n",
            "655caf4bfa57dd184cbea8be": "Thyroid: Hypothyroidism \n",
            "655cea769cc3984158e19339": "Thyroid: Hypothyroidism \n",
            "655c37d8fa57dd184cbea40c": "Thyroid: Hypothyroidism \n",
            "655caf4ffa57dd184cbea8c2": "Thyroid: Hypothyroidism \n",
            "655cea729cc3984158e19335": "Thyroid: Hypothyroidism \n"
        },
        "DateOfBirth": "1988-10-10T00:00:00.000+00:00",
        "DieticianId": 93
    }
]
  &amp#27;[32mThen &amp#27;[0m&amp#27;[32mDietician receives response for all Morbidity API &amp#27;[0m&amp#27;[32m&amp#27;[1m"getmorbidity"&amp#27;[0m&amp#27;[32m with &amp#27;[0m&amp#27;[32m&amp#27;[1m"get_all_morbidity_valid"&amp#27;[0m&amp#27;[32m.&amp#27;[0m                               &amp#27;[90m# stepdefinitions.GetAllMorbiditySteps.dietician_receives_response_for_all_morbidity_api_with(java.lang.String,java.lang.String)&amp#27;[0m
]]></system-out>
  </testcase>
  <testcase name="runScenario[&quot;Check if user as Dietician able to retrieve all morbidity details with &quot;get_all_morbidity_invalid_endpoint&quot; endpoint and request body.&quot;, &quot;Optional[GetAllMorbidities.feature]&quot;](2)" classname="runners.TestRunner" time="0.817">
    <system-out><![CDATA[
@GetAllMorbidityModule
Scenario: Check if user as Dietician able to retrieve all morbidity details with "get_all_morbidity_invalid_endpoint" endpoint and request body. &amp#27;[90m# src/test/resources/features/GetAllMorbidity.feature:34&amp#27;[0m
sheetPathsrc/test/resources/data/testData.xlsx
sheetNamelogin
keydataKeyvaluelogin_valid_dietician
keyuserIdvalueangu.geetha@gmail.com
keypasswordvalueSong88
[INFO ] 2023-11-21 12:48:52.969 [main] LoggerLoad - Login Request: userId: angu.geetha@gmail.compassword: Song88
  &amp#27;[32mGiven &amp#27;[0m&amp#27;[32mUser creates POST Request for the login API.&amp#27;[0m                                                                                             &amp#27;[90m# stepdefinitions.LoginSteps.user_creates_post_request_for_the_login_api()&amp#27;[0m
Request method:	POST
Request URI:	https://dietician-dev-41d9a344a720.herokuapp.com/dietician/login
Proxy:			<none>
Request params:	<none>
Query params:	<none>
Form params:	<none>
Path params:	<none>
Headers:		Accept=*/*
				Content-Type=application/json
Cookies:		<none>
Multiparts:		<none>
Body:
{
    "userLoginEmail": "angu.geetha@gmail.com",
    "password": "Song88"
}
  &amp#27;[32mWhen &amp#27;[0m&amp#27;[32mUser sends HTTPS Request with valid credentials on the request Body.&amp#27;[0m                                                                      &amp#27;[90m# stepdefinitions.LoginSteps.user_sends_https_request_with_valid_credentials_on_the_request_body()&amp#27;[0m
HTTP/1.1 200 
Server: Cowboy
Report-To: {"group":"heroku-nel","max_age":3600,"endpoints":[{"url":"https://nel.heroku.com/reports?ts=1700588932&sid=c46efe9b-d3d2-4a0c-8c76-bfafa16c5add&s=YDJjFRTaVYHkF0IhZvSgiPt52QDPCRaMQY5SVWFN4tg%3D"}]}
Reporting-Endpoints: heroku-nel=https://nel.heroku.com/reports?ts=1700588932&sid=c46efe9b-d3d2-4a0c-8c76-bfafa16c5add&s=YDJjFRTaVYHkF0IhZvSgiPt52QDPCRaMQY5SVWFN4tg%3D
Nel: {"report_to":"heroku-nel","max_age":3600,"success_fraction":0.005,"failure_fraction":0.05,"response_headers":["Via"]}
Connection: keep-alive
Vary: Origin
Vary: Access-Control-Request-Method
Vary: Access-Control-Request-Headers
X-Content-Type-Options: nosniff
X-Xss-Protection: 1; mode=block
Cache-Control: no-cache, no-store, max-age=0, must-revalidate
Pragma: no-cache
Expires: 0
Strict-Transport-Security: max-age=31536000 ; includeSubDomains
X-Frame-Options: DENY
Content-Type: application/json
Transfer-Encoding: chunked
Date: Tue, 21 Nov 2023 17:48:52 GMT
Via: 1.1 vegur

{
    "token": "eyJhbGciOiJIUzUxMiJ9.eyJzdWIiOiJhbmd1LmdlZXRoYUBnbWFpbC5jb20iLCJpYXQiOjE3MDA1ODg5MzIsImV4cCI6MTcwMDYxNzczMn0.TUVl5njvIBm_ttJqQuNYNYOAX46065lrKfdmc7Jp73gBNjKIxDy7VosYZJL92aC-YLFzFnOY7BR8Tk65WplJMg",
    "type": "Bearer ",
    "userId": 93,
    "loginUserEmail": "angu.geetha@gmail.com",
    "roles": [
        "ROLE_DIETICIAN"
    ]
}
HTTP/1.1 200 
Server: Cowboy
Report-To: {"group":"heroku-nel","max_age":3600,"endpoints":[{"url":"https://nel.heroku.com/reports?ts=1700588932&sid=c46efe9b-d3d2-4a0c-8c76-bfafa16c5add&s=YDJjFRTaVYHkF0IhZvSgiPt52QDPCRaMQY5SVWFN4tg%3D"}]}
Reporting-Endpoints: heroku-nel=https://nel.heroku.com/reports?ts=1700588932&sid=c46efe9b-d3d2-4a0c-8c76-bfafa16c5add&s=YDJjFRTaVYHkF0IhZvSgiPt52QDPCRaMQY5SVWFN4tg%3D
Nel: {"report_to":"heroku-nel","max_age":3600,"success_fraction":0.005,"failure_fraction":0.05,"response_headers":["Via"]}
Connection: keep-alive
Vary: Origin
Vary: Access-Control-Request-Method
Vary: Access-Control-Request-Headers
X-Content-Type-Options: nosniff
X-Xss-Protection: 1; mode=block
Cache-Control: no-cache, no-store, max-age=0, must-revalidate
Pragma: no-cache
Expires: 0
Strict-Transport-Security: max-age=31536000 ; includeSubDomains
X-Frame-Options: DENY
Content-Type: application/json
Transfer-Encoding: chunked
Date: Tue, 21 Nov 2023 17:48:52 GMT
Via: 1.1 vegur

{
    "token": "eyJhbGciOiJIUzUxMiJ9.eyJzdWIiOiJhbmd1LmdlZXRoYUBnbWFpbC5jb20iLCJpYXQiOjE3MDA1ODg5MzIsImV4cCI6MTcwMDYxNzczMn0.TUVl5njvIBm_ttJqQuNYNYOAX46065lrKfdmc7Jp73gBNjKIxDy7VosYZJL92aC-YLFzFnOY7BR8Tk65WplJMg",
    "type": "Bearer ",
    "userId": 93,
    "loginUserEmail": "angu.geetha@gmail.com",
    "roles": [
        "ROLE_DIETICIAN"
    ]
}
[INFO ] 2023-11-21 12:48:53.261 [main] LoggerLoad - Login POST successful
  &amp#27;[32mThen &amp#27;[0m&amp#27;[32mUser receives Status with response body containing token information.&amp#27;[0m                                                                     &amp#27;[90m# stepdefinitions.LoginSteps.user_receives_status_with_response_body_containing_token_information()&amp#27;[0m
sheetPathsrc/test/resources/data/testData.xlsx
sheetNamegetmorbidity
keydataKeyvalueget_all_morbidity_invalid_endpoint
[INFO ] 2023-11-21 12:48:53.368 [main] LoggerLoad - Paitient POST request created
  &amp#27;[32mGiven &amp#27;[0m&amp#27;[32mDietician creates GET Request for all Morbidity API endpoint with fields from &amp#27;[0m&amp#27;[32m&amp#27;[1m"getmorbidity"&amp#27;[0m&amp#27;[32m with &amp#27;[0m&amp#27;[32m&amp#27;[1m"get_all_morbidity_invalid_endpoint"&amp#27;[0m&amp#27;[32m.&amp#27;[0m  &amp#27;[90m# stepdefinitions.GetAllMorbiditySteps.dietician_creates_get_request_for_all_morbidity_api_endpoint_with_fields_from_with(java.lang.String,java.lang.String)&amp#27;[0m
[INFO ] 2023-11-21 12:48:53.374 [main] LoggerLoad - baseUrlhttps://dietician-dev-41d9a344a720.herokuapp.com/dietician
Request method:	GET
Request URI:	https://dietician-dev-41d9a344a720.herokuapp.com/dietician/morbidity0000
Proxy:			<none>
Request params:	<none>
Query params:	<none>
Form params:	<none>
Path params:	<none>
Headers:		Authorization=Bearer eyJhbGciOiJIUzUxMiJ9.eyJzdWIiOiJhbmd1LmdlZXRoYUBnbWFpbC5jb20iLCJpYXQiOjE3MDA1ODg5MzIsImV4cCI6MTcwMDYxNzczMn0.TUVl5njvIBm_ttJqQuNYNYOAX46065lrKfdmc7Jp73gBNjKIxDy7VosYZJL92aC-YLFzFnOY7BR8Tk65WplJMg
				Accept=*/*
				Content-Type=application/json
Cookies:		<none>
Multiparts:		<none>
Body:			<none>
[INFO ] 2023-11-21 12:48:53.602 [main] LoggerLoad - Patient POST request sent
  &amp#27;[32mWhen &amp#27;[0m&amp#27;[32mDietician sends HTTPS Request for all Morbidity API &amp#27;[0m&amp#27;[32m&amp#27;[1m"get_all_morbidity_invalid_endpoint"&amp#27;[0m&amp#27;[32m.&amp#27;[0m                                                 &amp#27;[90m# stepdefinitions.GetAllMorbiditySteps.dietician_sends_https_request_for_all_morbidity_api(java.lang.String)&amp#27;[0m
HTTP/1.1 404 
Server: Cowboy
Report-To: {"group":"heroku-nel","max_age":3600,"endpoints":[{"url":"https://nel.heroku.com/reports?ts=1700588933&sid=c46efe9b-d3d2-4a0c-8c76-bfafa16c5add&s=%2BOVP6fuCILn3pV6FP4AVDZHOJNwAr5%2F4STfg9Gbft7s%3D"}]}
Reporting-Endpoints: heroku-nel=https://nel.heroku.com/reports?ts=1700588933&sid=c46efe9b-d3d2-4a0c-8c76-bfafa16c5add&s=%2BOVP6fuCILn3pV6FP4AVDZHOJNwAr5%2F4STfg9Gbft7s%3D
Nel: {"report_to":"heroku-nel","max_age":3600,"success_fraction":0.005,"failure_fraction":0.05,"response_headers":["Via"]}
Connection: keep-alive
Vary: Origin
Vary: Access-Control-Request-Method
Vary: Access-Control-Request-Headers
X-Content-Type-Options: nosniff
X-Xss-Protection: 1; mode=block
Cache-Control: no-cache, no-store, max-age=0, must-revalidate
Pragma: no-cache
Expires: 0
Strict-Transport-Security: max-age=31536000 ; includeSubDomains
X-Frame-Options: DENY
Content-Type: application/json
Transfer-Encoding: chunked
Date: Tue, 21 Nov 2023 17:48:53 GMT
Via: 1.1 vegur

{
    "timestamp": "2023-11-21T17:48:53.256+00:00",
    "status": 404,
    "error": "Not Found",
    "path": "/dietician/morbidity0000"
}
  &amp#27;[32mThen &amp#27;[0m&amp#27;[32mDietician receives response for all Morbidity API &amp#27;[0m&amp#27;[32m&amp#27;[1m"getmorbidity"&amp#27;[0m&amp#27;[32m with &amp#27;[0m&amp#27;[32m&amp#27;[1m"get_all_morbidity_invalid_endpoint"&amp#27;[0m&amp#27;[32m.&amp#27;[0m                               &amp#27;[90m# stepdefinitions.GetAllMorbiditySteps.dietician_receives_response_for_all_morbidity_api_with(java.lang.String,java.lang.String)&amp#27;[0m
]]></system-out>
  </testcase>
  <testcase name="runScenario[&quot;Check if user as Dietician able to retrieve all morbidity details with &quot;get_all_morbidity_invalid_token&quot; endpoint and request body.&quot;, &quot;Optional[GetAllMorbidities.feature]&quot;](3)" classname="runners.TestRunner" time="0.702">
    <system-out><![CDATA[
@GetAllMorbidityModule
Scenario: Check if user as Dietician able to retrieve all morbidity details with "get_all_morbidity_invalid_token" endpoint and request body. &amp#27;[90m# src/test/resources/features/GetAllMorbidity.feature:35&amp#27;[0m
sheetPathsrc/test/resources/data/testData.xlsx
sheetNamelogin
keydataKeyvaluelogin_valid_dietician
keyuserIdvalueangu.geetha@gmail.com
keypasswordvalueSong88
[INFO ] 2023-11-21 12:48:53.719 [main] LoggerLoad - Login Request: userId: angu.geetha@gmail.compassword: Song88
  &amp#27;[32mGiven &amp#27;[0m&amp#27;[32mUser creates POST Request for the login API.&amp#27;[0m                                                                                          &amp#27;[90m# stepdefinitions.LoginSteps.user_creates_post_request_for_the_login_api()&amp#27;[0m
Request method:	POST
Request URI:	https://dietician-dev-41d9a344a720.herokuapp.com/dietician/login
Proxy:			<none>
Request params:	<none>
Query params:	<none>
Form params:	<none>
Path params:	<none>
Headers:		Accept=*/*
				Content-Type=application/json
Cookies:		<none>
Multiparts:		<none>
Body:
{
    "userLoginEmail": "angu.geetha@gmail.com",
    "password": "Song88"
}
  &amp#27;[32mWhen &amp#27;[0m&amp#27;[32mUser sends HTTPS Request with valid credentials on the request Body.&amp#27;[0m                                                                   &amp#27;[90m# stepdefinitions.LoginSteps.user_sends_https_request_with_valid_credentials_on_the_request_body()&amp#27;[0m
HTTP/1.1 200 
Server: Cowboy
Report-To: {"group":"heroku-nel","max_age":3600,"endpoints":[{"url":"https://nel.heroku.com/reports?ts=1700588933&sid=c46efe9b-d3d2-4a0c-8c76-bfafa16c5add&s=%2BOVP6fuCILn3pV6FP4AVDZHOJNwAr5%2F4STfg9Gbft7s%3D"}]}
Reporting-Endpoints: heroku-nel=https://nel.heroku.com/reports?ts=1700588933&sid=c46efe9b-d3d2-4a0c-8c76-bfafa16c5add&s=%2BOVP6fuCILn3pV6FP4AVDZHOJNwAr5%2F4STfg9Gbft7s%3D
Nel: {"report_to":"heroku-nel","max_age":3600,"success_fraction":0.005,"failure_fraction":0.05,"response_headers":["Via"]}
Connection: keep-alive
Vary: Origin
Vary: Access-Control-Request-Method
Vary: Access-Control-Request-Headers
X-Content-Type-Options: nosniff
X-Xss-Protection: 1; mode=block
Cache-Control: no-cache, no-store, max-age=0, must-revalidate
Pragma: no-cache
Expires: 0
Strict-Transport-Security: max-age=31536000 ; includeSubDomains
X-Frame-Options: DENY
Content-Type: application/json
Transfer-Encoding: chunked
Date: Tue, 21 Nov 2023 17:48:53 GMT
Via: 1.1 vegur

{
    "token": "eyJhbGciOiJIUzUxMiJ9.eyJzdWIiOiJhbmd1LmdlZXRoYUBnbWFpbC5jb20iLCJpYXQiOjE3MDA1ODg5MzMsImV4cCI6MTcwMDYxNzczM30.dikM5cMtUwRFZjD-iWVX6Bs9mjhSSzB7ZiXyZ40WV_n60tUQ32QIw1z0C55fsWWAfDPbPfetDdWBA8yyCBVmsQ",
    "type": "Bearer ",
    "userId": 93,
    "loginUserEmail": "angu.geetha@gmail.com",
    "roles": [
        "ROLE_DIETICIAN"
    ]
}
HTTP/1.1 200 
Server: Cowboy
Report-To: {"group":"heroku-nel","max_age":3600,"endpoints":[{"url":"https://nel.heroku.com/reports?ts=1700588933&sid=c46efe9b-d3d2-4a0c-8c76-bfafa16c5add&s=%2BOVP6fuCILn3pV6FP4AVDZHOJNwAr5%2F4STfg9Gbft7s%3D"}]}
Reporting-Endpoints: heroku-nel=https://nel.heroku.com/reports?ts=1700588933&sid=c46efe9b-d3d2-4a0c-8c76-bfafa16c5add&s=%2BOVP6fuCILn3pV6FP4AVDZHOJNwAr5%2F4STfg9Gbft7s%3D
Nel: {"report_to":"heroku-nel","max_age":3600,"success_fraction":0.005,"failure_fraction":0.05,"response_headers":["Via"]}
Connection: keep-alive
Vary: Origin
Vary: Access-Control-Request-Method
Vary: Access-Control-Request-Headers
X-Content-Type-Options: nosniff
X-Xss-Protection: 1; mode=block
Cache-Control: no-cache, no-store, max-age=0, must-revalidate
Pragma: no-cache
Expires: 0
Strict-Transport-Security: max-age=31536000 ; includeSubDomains
X-Frame-Options: DENY
Content-Type: application/json
Transfer-Encoding: chunked
Date: Tue, 21 Nov 2023 17:48:53 GMT
Via: 1.1 vegur

{
    "token": "eyJhbGciOiJIUzUxMiJ9.eyJzdWIiOiJhbmd1LmdlZXRoYUBnbWFpbC5jb20iLCJpYXQiOjE3MDA1ODg5MzMsImV4cCI6MTcwMDYxNzczM30.dikM5cMtUwRFZjD-iWVX6Bs9mjhSSzB7ZiXyZ40WV_n60tUQ32QIw1z0C55fsWWAfDPbPfetDdWBA8yyCBVmsQ",
    "type": "Bearer ",
    "userId": 93,
    "loginUserEmail": "angu.geetha@gmail.com",
    "roles": [
        "ROLE_DIETICIAN"
    ]
}
[INFO ] 2023-11-21 12:48:53.975 [main] LoggerLoad - Login POST successful
  &amp#27;[32mThen &amp#27;[0m&amp#27;[32mUser receives Status with response body containing token information.&amp#27;[0m                                                                  &amp#27;[90m# stepdefinitions.LoginSteps.user_receives_status_with_response_body_containing_token_information()&amp#27;[0m
sheetPathsrc/test/resources/data/testData.xlsx
sheetNamegetmorbidity
keydataKeyvalueget_all_morbidity_invalid_token
[INFO ] 2023-11-21 12:48:54.120 [main] LoggerLoad - Paitient POST request created
  &amp#27;[32mGiven &amp#27;[0m&amp#27;[32mDietician creates GET Request for all Morbidity API endpoint with fields from &amp#27;[0m&amp#27;[32m&amp#27;[1m"getmorbidity"&amp#27;[0m&amp#27;[32m with &amp#27;[0m&amp#27;[32m&amp#27;[1m"get_all_morbidity_invalid_token"&amp#27;[0m&amp#27;[32m.&amp#27;[0m  &amp#27;[90m# stepdefinitions.GetAllMorbiditySteps.dietician_creates_get_request_for_all_morbidity_api_endpoint_with_fields_from_with(java.lang.String,java.lang.String)&amp#27;[0m
[INFO ] 2023-11-21 12:48:54.126 [main] LoggerLoad - baseUrlhttps://dietician-dev-41d9a344a720.herokuapp.com/dietician
Request method:	GET
Request URI:	https://dietician-dev-41d9a344a720.herokuapp.com/dietician/patient
Proxy:			<none>
Request params:	<none>
Query params:	<none>
Form params:	<none>
Path params:	<none>
Headers:		Authorization=Bearer invalidtoken!!!
				Accept=*/*
				Content-Type=application/json
Cookies:		<none>
Multiparts:		<none>
Body:			<none>
[INFO ] 2023-11-21 12:48:54.305 [main] LoggerLoad - Patient POST request sent
  &amp#27;[32mWhen &amp#27;[0m&amp#27;[32mDietician sends HTTPS Request for all Morbidity API &amp#27;[0m&amp#27;[32m&amp#27;[1m"get_all_morbidity_invalid_token"&amp#27;[0m&amp#27;[32m.&amp#27;[0m                                                 &amp#27;[90m# stepdefinitions.GetAllMorbiditySteps.dietician_sends_https_request_for_all_morbidity_api(java.lang.String)&amp#27;[0m
HTTP/1.1 401 
Server: Cowboy
Report-To: {"group":"heroku-nel","max_age":3600,"endpoints":[{"url":"https://nel.heroku.com/reports?ts=1700588933&sid=c46efe9b-d3d2-4a0c-8c76-bfafa16c5add&s=%2BOVP6fuCILn3pV6FP4AVDZHOJNwAr5%2F4STfg9Gbft7s%3D"}]}
Reporting-Endpoints: heroku-nel=https://nel.heroku.com/reports?ts=1700588933&sid=c46efe9b-d3d2-4a0c-8c76-bfafa16c5add&s=%2BOVP6fuCILn3pV6FP4AVDZHOJNwAr5%2F4STfg9Gbft7s%3D
Nel: {"report_to":"heroku-nel","max_age":3600,"success_fraction":0.005,"failure_fraction":0.05,"response_headers":["Via"]}
Connection: keep-alive
Vary: Origin
Vary: Access-Control-Request-Method
Vary: Access-Control-Request-Headers
X-Content-Type-Options: nosniff
X-Xss-Protection: 1; mode=block
Cache-Control: no-cache, no-store, max-age=0, must-revalidate
Pragma: no-cache
Expires: 0
Strict-Transport-Security: max-age=31536000 ; includeSubDomains
X-Frame-Options: DENY
Content-Type: application/json
Transfer-Encoding: chunked
Date: Tue, 21 Nov 2023 17:48:53 GMT
Via: 1.1 vegur

{
    "timestamp": "2023-11-21T17:48:53.957+00:00",
    "status": 401,
    "error": "Unauthorized",
    "path": "/dietician/patient"
}
  &amp#27;[32mThen &amp#27;[0m&amp#27;[32mDietician receives response for all Morbidity API &amp#27;[0m&amp#27;[32m&amp#27;[1m"getmorbidity"&amp#27;[0m&amp#27;[32m with &amp#27;[0m&amp#27;[32m&amp#27;[1m"get_all_morbidity_invalid_token"&amp#27;[0m&amp#27;[32m.&amp#27;[0m                               &amp#27;[90m# stepdefinitions.GetAllMorbiditySteps.dietician_receives_response_for_all_morbidity_api_with(java.lang.String,java.lang.String)&amp#27;[0m
]]></system-out>
  </testcase>
  <testcase name="runScenario[&quot;Check if user as Dietician able to retrieve all morbidity details with &quot;get_all_morbidity_patient_token&quot; endpoint and request body.&quot;, &quot;Optional[GetAllMorbidities.feature]&quot;](4)" classname="runners.TestRunner" time="0.743">
    <failure message="1 expectation failed.&#10;Expected status code &lt;403&gt; but was &lt;200&gt;.&#10;" type="java.lang.AssertionError"><![CDATA[java.lang.AssertionError: 
1 expectation failed.
Expected status code <403> but was <200>.

	at java.base/jdk.internal.reflect.NativeConstructorAccessorImpl.newInstance0(Native Method)
	at java.base/jdk.internal.reflect.NativeConstructorAccessorImpl.newInstance(NativeConstructorAccessorImpl.java:77)
	at java.base/jdk.internal.reflect.DelegatingConstructorAccessorImpl.newInstance(DelegatingConstructorAccessorImpl.java:45)
	at java.base/java.lang.reflect.Constructor.newInstanceWithCaller(Constructor.java:499)
	at java.base/java.lang.reflect.Constructor.newInstance(Constructor.java:480)
	at org.codehaus.groovy.reflection.CachedConstructor.invoke(CachedConstructor.java:73)
	at org.codehaus.groovy.runtime.callsite.ConstructorSite$ConstructorSiteNoUnwrapNoCoerce.callConstructor(ConstructorSite.java:108)
	at org.codehaus.groovy.runtime.callsite.CallSiteArray.defaultCallConstructor(CallSiteArray.java:57)
	at org.codehaus.groovy.runtime.callsite.AbstractCallSite.callConstructor(AbstractCallSite.java:263)
	at org.codehaus.groovy.runtime.callsite.AbstractCallSite.callConstructor(AbstractCallSite.java:277)
	at io.restassured.internal.ResponseSpecificationImpl$HamcrestAssertionClosure.validate(ResponseSpecificationImpl.groovy:512)
	at io.restassured.internal.ResponseSpecificationImpl$HamcrestAssertionClosure$validate$1.call(Unknown Source)
	at io.restassured.internal.ResponseSpecificationImpl.validateResponseIfRequired(ResponseSpecificationImpl.groovy:696)
	at io.restassured.internal.ResponseSpecificationImpl.this$2$validateResponseIfRequired(ResponseSpecificationImpl.groovy)
	at java.base/jdk.internal.reflect.NativeMethodAccessorImpl.invoke0(Native Method)
	at java.base/jdk.internal.reflect.NativeMethodAccessorImpl.invoke(NativeMethodAccessorImpl.java:77)
	at java.base/jdk.internal.reflect.DelegatingMethodAccessorImpl.invoke(DelegatingMethodAccessorImpl.java:43)
	at java.base/java.lang.reflect.Method.invoke(Method.java:568)
	at org.codehaus.groovy.runtime.callsite.PlainObjectMetaMethodSite.doInvoke(PlainObjectMetaMethodSite.java:43)
	at org.codehaus.groovy.runtime.callsite.PogoMetaMethodSite$PogoCachedMethodSiteNoUnwrapNoCoerce.invoke(PogoMetaMethodSite.java:198)
	at org.codehaus.groovy.runtime.callsite.PogoMetaMethodSite.callCurrent(PogoMetaMethodSite.java:62)
	at org.codehaus.groovy.runtime.callsite.AbstractCallSite.callCurrent(AbstractCallSite.java:185)
	at io.restassured.internal.ResponseSpecificationImpl.statusCode(ResponseSpecificationImpl.groovy:135)
	at io.restassured.specification.ResponseSpecification$statusCode$0.callCurrent(Unknown Source)
	at io.restassured.internal.ResponseSpecificationImpl.statusCode(ResponseSpecificationImpl.groovy:143)
	at io.restassured.internal.ValidatableResponseOptionsImpl.statusCode(ValidatableResponseOptionsImpl.java:89)
	at stepdefinitions.GetAllMorbiditySteps.dietician_receives_response_for_all_morbidity_api_with(GetAllMorbiditySteps.java:137)
	at ✽.Dietician receives response for all Morbidity API "getmorbidity" with "get_all_morbidity_patient_token".(file:///C:/Users/rashm/eclipse-workspace/Team5-Rest-Athon/Team5-Rest-Athon-main/Team5-Rest-Athon/src/test/resources/features/GetAllMorbidity.feature:30)
]]></failure>
    <system-out><![CDATA[
@GetAllMorbidityModule
Scenario: Check if user as Dietician able to retrieve all morbidity details with "get_all_morbidity_patient_token" endpoint and request body. &amp#27;[90m# src/test/resources/features/GetAllMorbidity.feature:36&amp#27;[0m
sheetPathsrc/test/resources/data/testData.xlsx
sheetNamelogin
keydataKeyvaluelogin_valid_dietician
keyuserIdvalueangu.geetha@gmail.com
keypasswordvalueSong88
[INFO ] 2023-11-21 12:48:54.438 [main] LoggerLoad - Login Request: userId: angu.geetha@gmail.compassword: Song88
  &amp#27;[32mGiven &amp#27;[0m&amp#27;[32mUser creates POST Request for the login API.&amp#27;[0m                                                                                          &amp#27;[90m# stepdefinitions.LoginSteps.user_creates_post_request_for_the_login_api()&amp#27;[0m
Request method:	POST
Request URI:	https://dietician-dev-41d9a344a720.herokuapp.com/dietician/login
Proxy:			<none>
Request params:	<none>
Query params:	<none>
Form params:	<none>
Path params:	<none>
Headers:		Accept=*/*
				Content-Type=application/json
Cookies:		<none>
Multiparts:		<none>
Body:
{
    "userLoginEmail": "angu.geetha@gmail.com",
    "password": "Song88"
}
  &amp#27;[32mWhen &amp#27;[0m&amp#27;[32mUser sends HTTPS Request with valid credentials on the request Body.&amp#27;[0m                                                                   &amp#27;[90m# stepdefinitions.LoginSteps.user_sends_https_request_with_valid_credentials_on_the_request_body()&amp#27;[0m
HTTP/1.1 200 
Server: Cowboy
Report-To: {"group":"heroku-nel","max_age":3600,"endpoints":[{"url":"https://nel.heroku.com/reports?ts=1700588934&sid=c46efe9b-d3d2-4a0c-8c76-bfafa16c5add&s=LpjJuk0uO77KqNew2olfTGCVQgscK5Dy0I%2BAodosPco%3D"}]}
Reporting-Endpoints: heroku-nel=https://nel.heroku.com/reports?ts=1700588934&sid=c46efe9b-d3d2-4a0c-8c76-bfafa16c5add&s=LpjJuk0uO77KqNew2olfTGCVQgscK5Dy0I%2BAodosPco%3D
Nel: {"report_to":"heroku-nel","max_age":3600,"success_fraction":0.005,"failure_fraction":0.05,"response_headers":["Via"]}
Connection: keep-alive
Vary: Origin
Vary: Access-Control-Request-Method
Vary: Access-Control-Request-Headers
X-Content-Type-Options: nosniff
X-Xss-Protection: 1; mode=block
Cache-Control: no-cache, no-store, max-age=0, must-revalidate
Pragma: no-cache
Expires: 0
Strict-Transport-Security: max-age=31536000 ; includeSubDomains
X-Frame-Options: DENY
Content-Type: application/json
Transfer-Encoding: chunked
Date: Tue, 21 Nov 2023 17:48:54 GMT
Via: 1.1 vegur

{
    "token": "eyJhbGciOiJIUzUxMiJ9.eyJzdWIiOiJhbmd1LmdlZXRoYUBnbWFpbC5jb20iLCJpYXQiOjE3MDA1ODg5MzQsImV4cCI6MTcwMDYxNzczNH0.Jub6UYVtFDELRtwBr0xerO8E06c1piW78wVh4SufILqke2epa40BOWpTNKyp8G6WZK0rRvVW9brbRZLw_d8e4g",
    "type": "Bearer ",
    "userId": 93,
    "loginUserEmail": "angu.geetha@gmail.com",
    "roles": [
        "ROLE_DIETICIAN"
    ]
}
HTTP/1.1 200 
Server: Cowboy
Report-To: {"group":"heroku-nel","max_age":3600,"endpoints":[{"url":"https://nel.heroku.com/reports?ts=1700588934&sid=c46efe9b-d3d2-4a0c-8c76-bfafa16c5add&s=LpjJuk0uO77KqNew2olfTGCVQgscK5Dy0I%2BAodosPco%3D"}]}
Reporting-Endpoints: heroku-nel=https://nel.heroku.com/reports?ts=1700588934&sid=c46efe9b-d3d2-4a0c-8c76-bfafa16c5add&s=LpjJuk0uO77KqNew2olfTGCVQgscK5Dy0I%2BAodosPco%3D
Nel: {"report_to":"heroku-nel","max_age":3600,"success_fraction":0.005,"failure_fraction":0.05,"response_headers":["Via"]}
Connection: keep-alive
Vary: Origin
Vary: Access-Control-Request-Method
Vary: Access-Control-Request-Headers
X-Content-Type-Options: nosniff
X-Xss-Protection: 1; mode=block
Cache-Control: no-cache, no-store, max-age=0, must-revalidate
Pragma: no-cache
Expires: 0
Strict-Transport-Security: max-age=31536000 ; includeSubDomains
X-Frame-Options: DENY
Content-Type: application/json
Transfer-Encoding: chunked
Date: Tue, 21 Nov 2023 17:48:54 GMT
Via: 1.1 vegur

{
    "token": "eyJhbGciOiJIUzUxMiJ9.eyJzdWIiOiJhbmd1LmdlZXRoYUBnbWFpbC5jb20iLCJpYXQiOjE3MDA1ODg5MzQsImV4cCI6MTcwMDYxNzczNH0.Jub6UYVtFDELRtwBr0xerO8E06c1piW78wVh4SufILqke2epa40BOWpTNKyp8G6WZK0rRvVW9brbRZLw_d8e4g",
    "type": "Bearer ",
    "userId": 93,
    "loginUserEmail": "angu.geetha@gmail.com",
    "roles": [
        "ROLE_DIETICIAN"
    ]
}
[INFO ] 2023-11-21 12:48:54.703 [main] LoggerLoad - Login POST successful
  &amp#27;[32mThen &amp#27;[0m&amp#27;[32mUser receives Status with response body containing token information.&amp#27;[0m                                                                  &amp#27;[90m# stepdefinitions.LoginSteps.user_receives_status_with_response_body_containing_token_information()&amp#27;[0m
sheetPathsrc/test/resources/data/testData.xlsx
sheetNamegetmorbidity
keydataKeyvalueget_all_morbidity_patient_token
[INFO ] 2023-11-21 12:48:54.784 [main] LoggerLoad - Paitient POST request created
  &amp#27;[32mGiven &amp#27;[0m&amp#27;[32mDietician creates GET Request for all Morbidity API endpoint with fields from &amp#27;[0m&amp#27;[32m&amp#27;[1m"getmorbidity"&amp#27;[0m&amp#27;[32m with &amp#27;[0m&amp#27;[32m&amp#27;[1m"get_all_morbidity_patient_token"&amp#27;[0m&amp#27;[32m.&amp#27;[0m  &amp#27;[90m# stepdefinitions.GetAllMorbiditySteps.dietician_creates_get_request_for_all_morbidity_api_endpoint_with_fields_from_with(java.lang.String,java.lang.String)&amp#27;[0m
[INFO ] 2023-11-21 12:48:54.787 [main] LoggerLoad - baseUrlhttps://dietician-dev-41d9a344a720.herokuapp.com/dietician
Request method:	GET
Request URI:	https://dietician-dev-41d9a344a720.herokuapp.com/dietician/patient
Proxy:			<none>
Request params:	<none>
Query params:	<none>
Form params:	<none>
Path params:	<none>
Headers:		Authorization=Bearer eyJhbGciOiJIUzUxMiJ9.eyJzdWIiOiJhbmd1LmdlZXRoYUBnbWFpbC5jb20iLCJpYXQiOjE3MDA1ODg5MzQsImV4cCI6MTcwMDYxNzczNH0.Jub6UYVtFDELRtwBr0xerO8E06c1piW78wVh4SufILqke2epa40BOWpTNKyp8G6WZK0rRvVW9brbRZLw_d8e4g
				Accept=*/*
				Content-Type=application/json
Cookies:		<none>
Multiparts:		<none>
Body:			<none>
[INFO ] 2023-11-21 12:48:54.993 [main] LoggerLoad - Patient POST request sent
  &amp#27;[32mWhen &amp#27;[0m&amp#27;[32mDietician sends HTTPS Request for all Morbidity API &amp#27;[0m&amp#27;[32m&amp#27;[1m"get_all_morbidity_patient_token"&amp#27;[0m&amp#27;[32m.&amp#27;[0m                                                 &amp#27;[90m# stepdefinitions.GetAllMorbiditySteps.dietician_sends_https_request_for_all_morbidity_api(java.lang.String)&amp#27;[0m
HTTP/1.1 200 
Server: Cowboy
Report-To: {"group":"heroku-nel","max_age":3600,"endpoints":[{"url":"https://nel.heroku.com/reports?ts=1700588934&sid=c46efe9b-d3d2-4a0c-8c76-bfafa16c5add&s=LpjJuk0uO77KqNew2olfTGCVQgscK5Dy0I%2BAodosPco%3D"}]}
Reporting-Endpoints: heroku-nel=https://nel.heroku.com/reports?ts=1700588934&sid=c46efe9b-d3d2-4a0c-8c76-bfafa16c5add&s=LpjJuk0uO77KqNew2olfTGCVQgscK5Dy0I%2BAodosPco%3D
Nel: {"report_to":"heroku-nel","max_age":3600,"success_fraction":0.005,"failure_fraction":0.05,"response_headers":["Via"]}
Connection: keep-alive
Vary: Origin
Vary: Access-Control-Request-Method
Vary: Access-Control-Request-Headers
X-Content-Type-Options: nosniff
X-Xss-Protection: 1; mode=block
Cache-Control: no-cache, no-store, max-age=0, must-revalidate
Pragma: no-cache
Expires: 0
Strict-Transport-Security: max-age=31536000 ; includeSubDomains
X-Frame-Options: DENY
Content-Type: application/json
Transfer-Encoding: chunked
Date: Tue, 21 Nov 2023 17:48:54 GMT
Via: 1.1 vegur

[
    {
        "patientId": 5343,
        "FirstName": "jade",
        "LastName": "udans",
        "ContactNumber": "7979797979",
        "Email": "udans@gmail.com",
        "Allergy": "egg",
        "FoodCategory": "Vegan",
        "FileMorbidity": {
            "655ccc47fa57dd184cbeaa20": {
                "T4": "1.22 µg/dl",
                "TSH": "100.0 mIU/L"
            },
            "655c37c7fa57dd184cbea40a": {
                "Average Glucose": "131.0 mg/dl",
                "HbA1c": "6.5 %"
            },
            "655ccc60fa57dd184cbeaa22": {
                "T4": "1.22 µg/dl",
                "TSH": "100.0 mIU/L"
            },
            "655ce90a9cc3984158e1931f": {
                "T4": "1.22 µg/dl",
                "TSH": "100.0 mIU/L"
            },
            "655ce9d79cc3984158e1932f": {
                "T4": "1.22 µg/dl",
                "TSH": "100.0 mIU/L"
            },
            "655ce8b39cc3984158e19311": {
                "T4": "1.22 µg/dl",
                "TSH": "100.0 mIU/L"
            },
            "655ce9109cc3984158e19325": {
                "T4": "1.22 µg/dl",
                "TSH": "100.0 mIU/L"
            },
            "655ce90e9cc3984158e19323": {
                "T4": "1.22 µg/dl",
                "TSH": "100.0 mIU/L"
            },
            "655ce9db9cc3984158e19333": {
                "T4": "1.22 µg/dl",
                "TSH": "100.0 mIU/L"
            },
            "655c4a45fa57dd184cbea60a": {
                "T4": "1.22 µg/dl",
                "TSH": "100.0 mIU/L"
            },
            "655c37dbfa57dd184cbea412": {
                "T4": "1.22 µg/dl",
                "TSH": "100.0 mIU/L"
            },
            "655caf4cfa57dd184cbea8c0": {
                "T4": "1.22 µg/dl",
                "TSH": "100.0 mIU/L"
            },
            "655cea739cc3984158e19337": {
                "T4": "1.22 µg/dl",
                "TSH": "100.0 mIU/L"
            },
            "655cea779cc3984158e1933b": {
                "T4": "1.22 µg/dl",
                "TSH": "100.0 mIU/L"
            },
            "655c37d9fa57dd184cbea410": {
                "T4": "1.22 µg/dl",
                "TSH": "100.0 mIU/L"
            },
            "655caf50fa57dd184cbea8c4": {
                "T4": "1.22 µg/dl",
                "TSH": "100.0 mIU/L"
            },
            "655ce9da9cc3984158e19331": {
                "T4": "1.22 µg/dl",
                "TSH": "100.0 mIU/L"
            },
            "655ce9d69cc3984158e1932d": {
                "T4": "1.22 µg/dl",
                "TSH": "100.0 mIU/L"
            },
            "655ccc16fa57dd184cbeaa18": {
                "T4": "1.22 µg/dl",
                "TSH": "100.0 mIU/L"
            },
            "655ccc0afa57dd184cbeaa16": {
                "T4": "1.22 µg/dl",
                "TSH": "100.0 mIU/L"
            },
            "655ce8b89cc3984158e19317": {
                "T4": "1.22 µg/dl",
                "TSH": "100.0 mIU/L"
            },
            "655ce8b69cc3984158e19315": {
                "T4": "1.22 µg/dl",
                "TSH": "100.0 mIU/L"
            },
            "655ce90b9cc3984158e19321": {
                "T4": "1.22 µg/dl",
                "TSH": "100.0 mIU/L"
            },
            "655ce8b49cc3984158e19313": {
                "T4": "1.22 µg/dl",
                "TSH": "100.0 mIU/L"
            },
            "655c4a42fa57dd184cbea606": {
                "T4": "1.22 µg/dl",
                "TSH": "100.0 mIU/L"
            },
            "655c4a46fa57dd184cbea60c": {
                "T4": "1.22 µg/dl",
                "TSH": "100.0 mIU/L"
            },
            "655c4a42fa57dd184cbea608": {
                "T4": "1.22 µg/dl",
                "TSH": "100.0 mIU/L"
            },
            "655c37dcfa57dd184cbea414": {
                "T4": "1.22 µg/dl",
                "TSH": "100.0 mIU/L"
            },
            "655caf4bfa57dd184cbea8be": {
                "T4": "1.22 µg/dl",
                "TSH": "100.0 mIU/L"
            },
            "655cea769cc3984158e19339": {
                "T4": "1.22 µg/dl",
                "TSH": "100.0 mIU/L"
            },
            "655c37d8fa57dd184cbea40c": {
                "T4": "1.22 µg/dl",
                "TSH": "100.0 mIU/L"
            },
            "655caf4ffa57dd184cbea8c2": {
                "T4": "1.22 µg/dl",
                "TSH": "100.0 mIU/L"
            },
            "655cea729cc3984158e19335": {
                "T4": "1.22 µg/dl",
                "TSH": "100.0 mIU/L"
            }
        },
        "FileMorbidityCondition": {
            "655ccc47fa57dd184cbeaa20": "Thyroid: Hypothyroidism \n",
            "655c37c7fa57dd184cbea40a": "Prediabetic \n",
            "655ccc60fa57dd184cbeaa22": "Thyroid: Hypothyroidism \n",
            "655ce90a9cc3984158e1931f": "Thyroid: Hypothyroidism \n",
            "655ce9d79cc3984158e1932f": "Thyroid: Hypothyroidism \n",
            "655ce8b39cc3984158e19311": "Thyroid: Hypothyroidism \n",
            "655ce9109cc3984158e19325": "Thyroid: Hypothyroidism \n",
            "655ce90e9cc3984158e19323": "Thyroid: Hypothyroidism \n",
            "655ce9db9cc3984158e19333": "Thyroid: Hypothyroidism \n",
            "655c4a45fa57dd184cbea60a": "Thyroid: Hypothyroidism \n",
            "655c37dbfa57dd184cbea412": "Thyroid: Hypothyroidism \n",
            "655caf4cfa57dd184cbea8c0": "Thyroid: Hypothyroidism \n",
            "655cea739cc3984158e19337": "Thyroid: Hypothyroidism \n",
            "655cea779cc3984158e1933b": "Thyroid: Hypothyroidism \n",
            "655c37d9fa57dd184cbea410": "Thyroid: Hypothyroidism \n",
            "655caf50fa57dd184cbea8c4": "Thyroid: Hypothyroidism \n",
            "655ce9da9cc3984158e19331": "Thyroid: Hypothyroidism \n",
            "655ce9d69cc3984158e1932d": "Thyroid: Hypothyroidism \n",
            "655ccc16fa57dd184cbeaa18": "Thyroid: Hypothyroidism \n",
            "655ccc0afa57dd184cbeaa16": "Thyroid: Hypothyroidism \n",
            "655ce8b89cc3984158e19317": "Thyroid: Hypothyroidism \n",
            "655ce8b69cc3984158e19315": "Thyroid: Hypothyroidism \n",
            "655ce90b9cc3984158e19321": "Thyroid: Hypothyroidism \n",
            "655ce8b49cc3984158e19313": "Thyroid: Hypothyroidism \n",
            "655c4a42fa57dd184cbea606": "Thyroid: Hypothyroidism \n",
            "655c4a46fa57dd184cbea60c": "Thyroid: Hypothyroidism \n",
            "655c4a42fa57dd184cbea608": "Thyroid: Hypothyroidism \n",
            "655c37dcfa57dd184cbea414": "Thyroid: Hypothyroidism \n",
            "655caf4bfa57dd184cbea8be": "Thyroid: Hypothyroidism \n",
            "655cea769cc3984158e19339": "Thyroid: Hypothyroidism \n",
            "655c37d8fa57dd184cbea40c": "Thyroid: Hypothyroidism \n",
            "655caf4ffa57dd184cbea8c2": "Thyroid: Hypothyroidism \n",
            "655cea729cc3984158e19335": "Thyroid: Hypothyroidism \n"
        },
        "DateOfBirth": "1988-10-10T00:00:00.000+00:00",
        "DieticianId": 93
    }
]
  &amp#27;[31mThen &amp#27;[0m&amp#27;[31mDietician receives response for all Morbidity API &amp#27;[0m&amp#27;[31m&amp#27;[1m"getmorbidity"&amp#27;[0m&amp#27;[31m with &amp#27;[0m&amp#27;[31m&amp#27;[1m"get_all_morbidity_patient_token"&amp#27;[0m&amp#27;[31m.&amp#27;[0m                               &amp#27;[90m# stepdefinitions.GetAllMorbiditySteps.dietician_receives_response_for_all_morbidity_api_with(java.lang.String,java.lang.String)&amp#27;[0m
      &amp#27;[31mjava.lang.AssertionError: 1 expectation failed.
Expected status code <403> but was <200>.

	at java.base/jdk.internal.reflect.NativeConstructorAccessorImpl.newInstance0(Native Method)
	at java.base/jdk.internal.reflect.NativeConstructorAccessorImpl.newInstance(NativeConstructorAccessorImpl.java:77)
	at java.base/jdk.internal.reflect.DelegatingConstructorAccessorImpl.newInstance(DelegatingConstructorAccessorImpl.java:45)
	at java.base/java.lang.reflect.Constructor.newInstanceWithCaller(Constructor.java:499)
	at java.base/java.lang.reflect.Constructor.newInstance(Constructor.java:480)
	at org.codehaus.groovy.reflection.CachedConstructor.invoke(CachedConstructor.java:73)
	at org.codehaus.groovy.runtime.callsite.ConstructorSite$ConstructorSiteNoUnwrapNoCoerce.callConstructor(ConstructorSite.java:108)
	at org.codehaus.groovy.runtime.callsite.CallSiteArray.defaultCallConstructor(CallSiteArray.java:57)
	at org.codehaus.groovy.runtime.callsite.AbstractCallSite.callConstructor(AbstractCallSite.java:263)
	at org.codehaus.groovy.runtime.callsite.AbstractCallSite.callConstructor(AbstractCallSite.java:277)
	at io.restassured.internal.ResponseSpecificationImpl$HamcrestAssertionClosure.validate(ResponseSpecificationImpl.groovy:512)
	at io.restassured.internal.ResponseSpecificationImpl$HamcrestAssertionClosure$validate$1.call(Unknown Source)
	at io.restassured.internal.ResponseSpecificationImpl.validateResponseIfRequired(ResponseSpecificationImpl.groovy:696)
	at io.restassured.internal.ResponseSpecificationImpl.this$2$validateResponseIfRequired(ResponseSpecificationImpl.groovy)
	at java.base/jdk.internal.reflect.NativeMethodAccessorImpl.invoke0(Native Method)
	at java.base/jdk.internal.reflect.NativeMethodAccessorImpl.invoke(NativeMethodAccessorImpl.java:77)
	at java.base/jdk.internal.reflect.DelegatingMethodAccessorImpl.invoke(DelegatingMethodAccessorImpl.java:43)
	at java.base/java.lang.reflect.Method.invoke(Method.java:568)
	at org.codehaus.groovy.runtime.callsite.PlainObjectMetaMethodSite.doInvoke(PlainObjectMetaMethodSite.java:43)
	at org.codehaus.groovy.runtime.callsite.PogoMetaMethodSite$PogoCachedMethodSiteNoUnwrapNoCoerce.invoke(PogoMetaMethodSite.java:198)
	at org.codehaus.groovy.runtime.callsite.PogoMetaMethodSite.callCurrent(PogoMetaMethodSite.java:62)
	at org.codehaus.groovy.runtime.callsite.AbstractCallSite.callCurrent(AbstractCallSite.java:185)
	at io.restassured.internal.ResponseSpecificationImpl.statusCode(ResponseSpecificationImpl.groovy:135)
	at io.restassured.specification.ResponseSpecification$statusCode$0.callCurrent(Unknown Source)
	at io.restassured.internal.ResponseSpecificationImpl.statusCode(ResponseSpecificationImpl.groovy:143)
	at io.restassured.internal.ValidatableResponseOptionsImpl.statusCode(ValidatableResponseOptionsImpl.java:89)
	at stepdefinitions.GetAllMorbiditySteps.dietician_receives_response_for_all_morbidity_api_with(GetAllMorbiditySteps.java:137)
	at âœ½.Dietician receives response for all Morbidity API "getmorbidity" with "get_all_morbidity_patient_token".(file:///C:/Users/rashm/eclipse-workspace/Team5-Rest-Athon/Team5-Rest-Athon-main/Team5-Rest-Athon/src/test/resources/features/GetAllMorbidity.feature:30)
&amp#27;[0m
]]></system-out>
  </testcase>
  <testcase name="runScenario[&quot;Check if user able to retrieve all patients with &quot;get_patient_valid&quot; endpoint and request body.&quot;, &quot;Optional[Getpatient.feature]&quot;](5)" classname="runners.TestRunner" time="2.643">
    <system-out><![CDATA[
@GetpatientModule
Scenario Outline: Check if user able to retrieve all patients with "get_patient_valid" endpoint and request body.              &amp#27;[90m# src/test/resources/features/Getallpatients.feature:35&amp#27;[0m
sheetPathsrc/test/resources/data/testData.xlsx
sheetNamelogin
keydataKeyvaluelogin_valid_dietician
keyuserIdvalueangu.geetha@gmail.com
keypasswordvalueSong88
[INFO ] 2023-11-21 12:48:55.142 [main] LoggerLoad - Login Request: userId: angu.geetha@gmail.compassword: Song88
  &amp#27;[32mGiven &amp#27;[0m&amp#27;[32mUser creates POST Request for the login API.&amp#27;[0m                                                                           &amp#27;[90m# stepdefinitions.LoginSteps.user_creates_post_request_for_the_login_api()&amp#27;[0m
Request method:	POST
Request URI:	https://dietician-dev-41d9a344a720.herokuapp.com/dietician/login
Proxy:			<none>
Request params:	<none>
Query params:	<none>
Form params:	<none>
Path params:	<none>
Headers:		Accept=*/*
				Content-Type=application/json
Cookies:		<none>
Multiparts:		<none>
Body:
{
    "userLoginEmail": "angu.geetha@gmail.com",
    "password": "Song88"
}
  &amp#27;[32mWhen &amp#27;[0m&amp#27;[32mUser sends HTTPS Request with valid credentials on the request Body.&amp#27;[0m                                                    &amp#27;[90m# stepdefinitions.LoginSteps.user_sends_https_request_with_valid_credentials_on_the_request_body()&amp#27;[0m
HTTP/1.1 200 
Server: Cowboy
Report-To: {"group":"heroku-nel","max_age":3600,"endpoints":[{"url":"https://nel.heroku.com/reports?ts=1700588934&sid=c46efe9b-d3d2-4a0c-8c76-bfafa16c5add&s=LpjJuk0uO77KqNew2olfTGCVQgscK5Dy0I%2BAodosPco%3D"}]}
Reporting-Endpoints: heroku-nel=https://nel.heroku.com/reports?ts=1700588934&sid=c46efe9b-d3d2-4a0c-8c76-bfafa16c5add&s=LpjJuk0uO77KqNew2olfTGCVQgscK5Dy0I%2BAodosPco%3D
Nel: {"report_to":"heroku-nel","max_age":3600,"success_fraction":0.005,"failure_fraction":0.05,"response_headers":["Via"]}
Connection: keep-alive
Vary: Origin
Vary: Access-Control-Request-Method
Vary: Access-Control-Request-Headers
X-Content-Type-Options: nosniff
X-Xss-Protection: 1; mode=block
Cache-Control: no-cache, no-store, max-age=0, must-revalidate
Pragma: no-cache
Expires: 0
Strict-Transport-Security: max-age=31536000 ; includeSubDomains
X-Frame-Options: DENY
Content-Type: application/json
Transfer-Encoding: chunked
Date: Tue, 21 Nov 2023 17:48:54 GMT
Via: 1.1 vegur

{
    "token": "eyJhbGciOiJIUzUxMiJ9.eyJzdWIiOiJhbmd1LmdlZXRoYUBnbWFpbC5jb20iLCJpYXQiOjE3MDA1ODg5MzUsImV4cCI6MTcwMDYxNzczNX0.VNGw439ObNPGD0PFTg63cZrAb71u-pMzD6lR0ycStXhDLXTlhVuphoJYLvBugQmOGz4YMtCpCrgegPB8K6NpZw",
    "type": "Bearer ",
    "userId": 93,
    "loginUserEmail": "angu.geetha@gmail.com",
    "roles": [
        "ROLE_DIETICIAN"
    ]
}
HTTP/1.1 200 
Server: Cowboy
Report-To: {"group":"heroku-nel","max_age":3600,"endpoints":[{"url":"https://nel.heroku.com/reports?ts=1700588934&sid=c46efe9b-d3d2-4a0c-8c76-bfafa16c5add&s=LpjJuk0uO77KqNew2olfTGCVQgscK5Dy0I%2BAodosPco%3D"}]}
Reporting-Endpoints: heroku-nel=https://nel.heroku.com/reports?ts=1700588934&sid=c46efe9b-d3d2-4a0c-8c76-bfafa16c5add&s=LpjJuk0uO77KqNew2olfTGCVQgscK5Dy0I%2BAodosPco%3D
Nel: {"report_to":"heroku-nel","max_age":3600,"success_fraction":0.005,"failure_fraction":0.05,"response_headers":["Via"]}
Connection: keep-alive
Vary: Origin
Vary: Access-Control-Request-Method
Vary: Access-Control-Request-Headers
X-Content-Type-Options: nosniff
X-Xss-Protection: 1; mode=block
Cache-Control: no-cache, no-store, max-age=0, must-revalidate
Pragma: no-cache
Expires: 0
Strict-Transport-Security: max-age=31536000 ; includeSubDomains
X-Frame-Options: DENY
Content-Type: application/json
Transfer-Encoding: chunked
Date: Tue, 21 Nov 2023 17:48:54 GMT
Via: 1.1 vegur

{
    "token": "eyJhbGciOiJIUzUxMiJ9.eyJzdWIiOiJhbmd1LmdlZXRoYUBnbWFpbC5jb20iLCJpYXQiOjE3MDA1ODg5MzUsImV4cCI6MTcwMDYxNzczNX0.VNGw439ObNPGD0PFTg63cZrAb71u-pMzD6lR0ycStXhDLXTlhVuphoJYLvBugQmOGz4YMtCpCrgegPB8K6NpZw",
    "type": "Bearer ",
    "userId": 93,
    "loginUserEmail": "angu.geetha@gmail.com",
    "roles": [
        "ROLE_DIETICIAN"
    ]
}
[INFO ] 2023-11-21 12:48:55.394 [main] LoggerLoad - Login POST successful
  &amp#27;[32mThen &amp#27;[0m&amp#27;[32mUser receives Status with response body containing token information.&amp#27;[0m                                                   &amp#27;[90m# stepdefinitions.LoginSteps.user_receives_status_with_response_body_containing_token_information()&amp#27;[0m
sheetPathsrc/test/resources/data/testData.xlsx
sheetNamepatient
keydataKeyvaluepost_patient_valid
keyfirstnamevaluejade
keylastnamevalueudans
keycontactnumbervalue7979797979
keyemailvalueudans@gmail.com
keyallergyvalueegg
keyfoodcatvalueVegan
keydobvalue1988-10-10
[INFO ] 2023-11-21 12:48:55.502 [main] LoggerLoad - baseUrlhttps://dietician-dev-41d9a344a720.herokuapp.com/dietician
ResultingJSONstring = {"FirstName":"jade","LastName":"udans","ContactNumber":7979797979,"Email":"udans@gmail.com","Allergy":"egg","FoodCategory":"Vegan","DateOfBirth":"1988-10-10"}
Request method:	POST
Request URI:	https://dietician-dev-41d9a344a720.herokuapp.com/dietician/patient?patientInfo=%7B%22FirstName%22%3A%22jade%22%2C%22LastName%22%3A%22udans%22%2C%22ContactNumber%22%3A7979797979%2C%22Email%22%3A%22udans%40gmail.com%22%2C%22Allergy%22%3A%22egg%22%2C%22FoodCategory%22%3A%22Vegan%22%2C%22DateOfBirth%22%3A%221988-10-10%22%7D
Proxy:			<none>
Request params:	<none>
Query params:	patientInfo={"FirstName":"jade","LastName":"udans","ContactNumber":7979797979,"Email":"udans@gmail.com","Allergy":"egg","FoodCategory":"Vegan","DateOfBirth":"1988-10-10"}
Form params:	<none>
Path params:	<none>
Headers:		Authorization=Bearer eyJhbGciOiJIUzUxMiJ9.eyJzdWIiOiJhbmd1LmdlZXRoYUBnbWFpbC5jb20iLCJpYXQiOjE3MDA1ODg5MzUsImV4cCI6MTcwMDYxNzczNX0.VNGw439ObNPGD0PFTg63cZrAb71u-pMzD6lR0ycStXhDLXTlhVuphoJYLvBugQmOGz4YMtCpCrgegPB8K6NpZw
				Accept=*/*
				Content-Type=multipart/form-data
Cookies:		<none>
Multiparts:		------------
				Content-Disposition: form-data; name = file; filename = Diabetic.pdf
				Content-Type: application/octet-stream

				.\src\test\resources\Diabetic.pdf
Body:			<none>
post paitinet idnull
[INFO ] 2023-11-21 12:48:57.446 [main] LoggerLoad - Get request created
  &amp#27;[32mGiven &amp#27;[0m&amp#27;[32mUser creates GET Request for the dietician/patient API endpoint with fields from &amp#27;[0m&amp#27;[32m&amp#27;[1m"getpatient"&amp#27;[0m&amp#27;[32m with &amp#27;[0m&amp#27;[32m&amp#27;[1m"get_patient_valid"&amp#27;[0m &amp#27;[90m# stepdefinitions.PatientSteps.user_creates_get_request_for_the_dietician_patient_api_endpoint_with_fields_from_with(java.lang.String,java.lang.String)&amp#27;[0m
[INFO ] 2023-11-21 12:48:57.449 [main] LoggerLoad - baseUrlhttps://dietician-dev-41d9a344a720.herokuapp.com/dietician
Request method:	GET
Request URI:	https://dietician-dev-41d9a344a720.herokuapp.com/dietician/patient
Proxy:			<none>
Request params:	<none>
Query params:	<none>
Form params:	<none>
Path params:	<none>
Headers:		Authorization=Bearer eyJhbGciOiJIUzUxMiJ9.eyJzdWIiOiJhbmd1LmdlZXRoYUBnbWFpbC5jb20iLCJpYXQiOjE3MDA1ODg5MzUsImV4cCI6MTcwMDYxNzczNX0.VNGw439ObNPGD0PFTg63cZrAb71u-pMzD6lR0ycStXhDLXTlhVuphoJYLvBugQmOGz4YMtCpCrgegPB8K6NpZw
				Accept=*/*
				Content-Type=application/json
Cookies:		<none>
Multiparts:		<none>
Body:			<none>
[INFO ] 2023-11-21 12:48:57.672 [main] LoggerLoad - Patient POST request sent
  &amp#27;[32mWhen &amp#27;[0m&amp#27;[32mUser sends HTTP Get patient Request &amp#27;[0m&amp#27;[32m&amp#27;[1m"get_patient_valid"&amp#27;[0m                                                                 &amp#27;[90m# stepdefinitions.PatientSteps.user_sends_http_get_patient_request(java.lang.String)&amp#27;[0m
HTTP/1.1 200 
Server: Cowboy
Report-To: {"group":"heroku-nel","max_age":3600,"endpoints":[{"url":"https://nel.heroku.com/reports?ts=1700588937&sid=c46efe9b-d3d2-4a0c-8c76-bfafa16c5add&s=3xjTrlsGmX2OZ3O%2BjoFYO%2BVYf5isT4f%2BHUbQT8buGKs%3D"}]}
Reporting-Endpoints: heroku-nel=https://nel.heroku.com/reports?ts=1700588937&sid=c46efe9b-d3d2-4a0c-8c76-bfafa16c5add&s=3xjTrlsGmX2OZ3O%2BjoFYO%2BVYf5isT4f%2BHUbQT8buGKs%3D
Nel: {"report_to":"heroku-nel","max_age":3600,"success_fraction":0.005,"failure_fraction":0.05,"response_headers":["Via"]}
Connection: keep-alive
Vary: Origin
Vary: Access-Control-Request-Method
Vary: Access-Control-Request-Headers
X-Content-Type-Options: nosniff
X-Xss-Protection: 1; mode=block
Cache-Control: no-cache, no-store, max-age=0, must-revalidate
Pragma: no-cache
Expires: 0
Strict-Transport-Security: max-age=31536000 ; includeSubDomains
X-Frame-Options: DENY
Content-Type: application/json
Transfer-Encoding: chunked
Date: Tue, 21 Nov 2023 17:48:57 GMT
Via: 1.1 vegur

[
    {
        "patientId": 5343,
        "FirstName": "jade",
        "LastName": "udans",
        "ContactNumber": "7979797979",
        "Email": "udans@gmail.com",
        "Allergy": "egg",
        "FoodCategory": "Vegan",
        "FileMorbidity": {
            "655ccc47fa57dd184cbeaa20": {
                "T4": "1.22 µg/dl",
                "TSH": "100.0 mIU/L"
            },
            "655c37c7fa57dd184cbea40a": {
                "Average Glucose": "131.0 mg/dl",
                "HbA1c": "6.5 %"
            },
            "655ccc60fa57dd184cbeaa22": {
                "T4": "1.22 µg/dl",
                "TSH": "100.0 mIU/L"
            },
            "655ce90a9cc3984158e1931f": {
                "T4": "1.22 µg/dl",
                "TSH": "100.0 mIU/L"
            },
            "655ce9d79cc3984158e1932f": {
                "T4": "1.22 µg/dl",
                "TSH": "100.0 mIU/L"
            },
            "655ce8b39cc3984158e19311": {
                "T4": "1.22 µg/dl",
                "TSH": "100.0 mIU/L"
            },
            "655ce9109cc3984158e19325": {
                "T4": "1.22 µg/dl",
                "TSH": "100.0 mIU/L"
            },
            "655ce90e9cc3984158e19323": {
                "T4": "1.22 µg/dl",
                "TSH": "100.0 mIU/L"
            },
            "655ce9db9cc3984158e19333": {
                "T4": "1.22 µg/dl",
                "TSH": "100.0 mIU/L"
            },
            "655c4a45fa57dd184cbea60a": {
                "T4": "1.22 µg/dl",
                "TSH": "100.0 mIU/L"
            },
            "655c37dbfa57dd184cbea412": {
                "T4": "1.22 µg/dl",
                "TSH": "100.0 mIU/L"
            },
            "655caf4cfa57dd184cbea8c0": {
                "T4": "1.22 µg/dl",
                "TSH": "100.0 mIU/L"
            },
            "655cea739cc3984158e19337": {
                "T4": "1.22 µg/dl",
                "TSH": "100.0 mIU/L"
            },
            "655cea779cc3984158e1933b": {
                "T4": "1.22 µg/dl",
                "TSH": "100.0 mIU/L"
            },
            "655c37d9fa57dd184cbea410": {
                "T4": "1.22 µg/dl",
                "TSH": "100.0 mIU/L"
            },
            "655caf50fa57dd184cbea8c4": {
                "T4": "1.22 µg/dl",
                "TSH": "100.0 mIU/L"
            },
            "655ce9da9cc3984158e19331": {
                "T4": "1.22 µg/dl",
                "TSH": "100.0 mIU/L"
            },
            "655ce9d69cc3984158e1932d": {
                "T4": "1.22 µg/dl",
                "TSH": "100.0 mIU/L"
            },
            "655ccc16fa57dd184cbeaa18": {
                "T4": "1.22 µg/dl",
                "TSH": "100.0 mIU/L"
            },
            "655ccc0afa57dd184cbeaa16": {
                "T4": "1.22 µg/dl",
                "TSH": "100.0 mIU/L"
            },
            "655ce8b89cc3984158e19317": {
                "T4": "1.22 µg/dl",
                "TSH": "100.0 mIU/L"
            },
            "655ce8b69cc3984158e19315": {
                "T4": "1.22 µg/dl",
                "TSH": "100.0 mIU/L"
            },
            "655ce90b9cc3984158e19321": {
                "T4": "1.22 µg/dl",
                "TSH": "100.0 mIU/L"
            },
            "655ce8b49cc3984158e19313": {
                "T4": "1.22 µg/dl",
                "TSH": "100.0 mIU/L"
            },
            "655c4a42fa57dd184cbea606": {
                "T4": "1.22 µg/dl",
                "TSH": "100.0 mIU/L"
            },
            "655c4a46fa57dd184cbea60c": {
                "T4": "1.22 µg/dl",
                "TSH": "100.0 mIU/L"
            },
            "655c4a42fa57dd184cbea608": {
                "T4": "1.22 µg/dl",
                "TSH": "100.0 mIU/L"
            },
            "655c37dcfa57dd184cbea414": {
                "T4": "1.22 µg/dl",
                "TSH": "100.0 mIU/L"
            },
            "655caf4bfa57dd184cbea8be": {
                "T4": "1.22 µg/dl",
                "TSH": "100.0 mIU/L"
            },
            "655cea769cc3984158e19339": {
                "T4": "1.22 µg/dl",
                "TSH": "100.0 mIU/L"
            },
            "655c37d8fa57dd184cbea40c": {
                "T4": "1.22 µg/dl",
                "TSH": "100.0 mIU/L"
            },
            "655caf4ffa57dd184cbea8c2": {
                "T4": "1.22 µg/dl",
                "TSH": "100.0 mIU/L"
            },
            "655cea729cc3984158e19335": {
                "T4": "1.22 µg/dl",
                "TSH": "100.0 mIU/L"
            }
        },
        "FileMorbidityCondition": {
            "655ccc47fa57dd184cbeaa20": "Thyroid: Hypothyroidism \n",
            "655c37c7fa57dd184cbea40a": "Prediabetic \n",
            "655ccc60fa57dd184cbeaa22": "Thyroid: Hypothyroidism \n",
            "655ce90a9cc3984158e1931f": "Thyroid: Hypothyroidism \n",
            "655ce9d79cc3984158e1932f": "Thyroid: Hypothyroidism \n",
            "655ce8b39cc3984158e19311": "Thyroid: Hypothyroidism \n",
            "655ce9109cc3984158e19325": "Thyroid: Hypothyroidism \n",
            "655ce90e9cc3984158e19323": "Thyroid: Hypothyroidism \n",
            "655ce9db9cc3984158e19333": "Thyroid: Hypothyroidism \n",
            "655c4a45fa57dd184cbea60a": "Thyroid: Hypothyroidism \n",
            "655c37dbfa57dd184cbea412": "Thyroid: Hypothyroidism \n",
            "655caf4cfa57dd184cbea8c0": "Thyroid: Hypothyroidism \n",
            "655cea739cc3984158e19337": "Thyroid: Hypothyroidism \n",
            "655cea779cc3984158e1933b": "Thyroid: Hypothyroidism \n",
            "655c37d9fa57dd184cbea410": "Thyroid: Hypothyroidism \n",
            "655caf50fa57dd184cbea8c4": "Thyroid: Hypothyroidism \n",
            "655ce9da9cc3984158e19331": "Thyroid: Hypothyroidism \n",
            "655ce9d69cc3984158e1932d": "Thyroid: Hypothyroidism \n",
            "655ccc16fa57dd184cbeaa18": "Thyroid: Hypothyroidism \n",
            "655ccc0afa57dd184cbeaa16": "Thyroid: Hypothyroidism \n",
            "655ce8b89cc3984158e19317": "Thyroid: Hypothyroidism \n",
            "655ce8b69cc3984158e19315": "Thyroid: Hypothyroidism \n",
            "655ce90b9cc3984158e19321": "Thyroid: Hypothyroidism \n",
            "655ce8b49cc3984158e19313": "Thyroid: Hypothyroidism \n",
            "655c4a42fa57dd184cbea606": "Thyroid: Hypothyroidism \n",
            "655c4a46fa57dd184cbea60c": "Thyroid: Hypothyroidism \n",
            "655c4a42fa57dd184cbea608": "Thyroid: Hypothyroidism \n",
            "655c37dcfa57dd184cbea414": "Thyroid: Hypothyroidism \n",
            "655caf4bfa57dd184cbea8be": "Thyroid: Hypothyroidism \n",
            "655cea769cc3984158e19339": "Thyroid: Hypothyroidism \n",
            "655c37d8fa57dd184cbea40c": "Thyroid: Hypothyroidism \n",
            "655caf4ffa57dd184cbea8c2": "Thyroid: Hypothyroidism \n",
            "655cea729cc3984158e19335": "Thyroid: Hypothyroidism \n"
        },
        "DateOfBirth": "1988-10-10T00:00:00.000+00:00",
        "DieticianId": 93
    }
]
  &amp#27;[32mThen &amp#27;[0m&amp#27;[32mUser receives response for Get patient &amp#27;[0m&amp#27;[32m&amp#27;[1m"getpatient"&amp#27;[0m&amp#27;[32m with &amp#27;[0m&amp#27;[32m&amp#27;[1m"get_patient_valid"&amp#27;[0m                                            &amp#27;[90m# stepdefinitions.PatientSteps.user_receives_response_for_get_patient_with(java.lang.String,java.lang.String)&amp#27;[0m
]]></system-out>
  </testcase>
  <testcase name="runScenario[&quot;Check if user able to retrieve all patients with &quot;get_patient_invalid_endpoint&quot; endpoint and request body.&quot;, &quot;Optional[Getpatient.feature]&quot;](6)" classname="runners.TestRunner" time="0.618">
    <system-out><![CDATA[
@GetpatientModule
Scenario Outline: Check if user able to retrieve all patients with "get_patient_invalid_endpoint" endpoint and request body.              &amp#27;[90m# src/test/resources/features/Getallpatients.feature:36&amp#27;[0m
sheetPathsrc/test/resources/data/testData.xlsx
sheetNamelogin
keydataKeyvaluelogin_valid_dietician
keyuserIdvalueangu.geetha@gmail.com
keypasswordvalueSong88
[INFO ] 2023-11-21 12:48:57.817 [main] LoggerLoad - Login Request: userId: angu.geetha@gmail.compassword: Song88
  &amp#27;[32mGiven &amp#27;[0m&amp#27;[32mUser creates POST Request for the login API.&amp#27;[0m                                                                                      &amp#27;[90m# stepdefinitions.LoginSteps.user_creates_post_request_for_the_login_api()&amp#27;[0m
Request method:	POST
Request URI:	https://dietician-dev-41d9a344a720.herokuapp.com/dietician/login
Proxy:			<none>
Request params:	<none>
Query params:	<none>
Form params:	<none>
Path params:	<none>
Headers:		Accept=*/*
				Content-Type=application/json
Cookies:		<none>
Multiparts:		<none>
Body:
{
    "userLoginEmail": "angu.geetha@gmail.com",
    "password": "Song88"
}
  &amp#27;[32mWhen &amp#27;[0m&amp#27;[32mUser sends HTTPS Request with valid credentials on the request Body.&amp#27;[0m                                                               &amp#27;[90m# stepdefinitions.LoginSteps.user_sends_https_request_with_valid_credentials_on_the_request_body()&amp#27;[0m
HTTP/1.1 200 
Server: Cowboy
Report-To: {"group":"heroku-nel","max_age":3600,"endpoints":[{"url":"https://nel.heroku.com/reports?ts=1700588937&sid=c46efe9b-d3d2-4a0c-8c76-bfafa16c5add&s=3xjTrlsGmX2OZ3O%2BjoFYO%2BVYf5isT4f%2BHUbQT8buGKs%3D"}]}
Reporting-Endpoints: heroku-nel=https://nel.heroku.com/reports?ts=1700588937&sid=c46efe9b-d3d2-4a0c-8c76-bfafa16c5add&s=3xjTrlsGmX2OZ3O%2BjoFYO%2BVYf5isT4f%2BHUbQT8buGKs%3D
Nel: {"report_to":"heroku-nel","max_age":3600,"success_fraction":0.005,"failure_fraction":0.05,"response_headers":["Via"]}
Connection: keep-alive
Vary: Origin
Vary: Access-Control-Request-Method
Vary: Access-Control-Request-Headers
X-Content-Type-Options: nosniff
X-Xss-Protection: 1; mode=block
Cache-Control: no-cache, no-store, max-age=0, must-revalidate
Pragma: no-cache
Expires: 0
Strict-Transport-Security: max-age=31536000 ; includeSubDomains
X-Frame-Options: DENY
Content-Type: application/json
Transfer-Encoding: chunked
Date: Tue, 21 Nov 2023 17:48:57 GMT
Via: 1.1 vegur

{
    "token": "eyJhbGciOiJIUzUxMiJ9.eyJzdWIiOiJhbmd1LmdlZXRoYUBnbWFpbC5jb20iLCJpYXQiOjE3MDA1ODg5MzcsImV4cCI6MTcwMDYxNzczN30.0EhVVA3lOmQaFKP8Rf6kDp3oFwGEggiEiggiRcmECqXrEZlTgPUMZfc1OtCocGb8DGOSz4E51hGOq98xVcLzoQ",
    "type": "Bearer ",
    "userId": 93,
    "loginUserEmail": "angu.geetha@gmail.com",
    "roles": [
        "ROLE_DIETICIAN"
    ]
}
HTTP/1.1 200 
Server: Cowboy
Report-To: {"group":"heroku-nel","max_age":3600,"endpoints":[{"url":"https://nel.heroku.com/reports?ts=1700588937&sid=c46efe9b-d3d2-4a0c-8c76-bfafa16c5add&s=3xjTrlsGmX2OZ3O%2BjoFYO%2BVYf5isT4f%2BHUbQT8buGKs%3D"}]}
Reporting-Endpoints: heroku-nel=https://nel.heroku.com/reports?ts=1700588937&sid=c46efe9b-d3d2-4a0c-8c76-bfafa16c5add&s=3xjTrlsGmX2OZ3O%2BjoFYO%2BVYf5isT4f%2BHUbQT8buGKs%3D
Nel: {"report_to":"heroku-nel","max_age":3600,"success_fraction":0.005,"failure_fraction":0.05,"response_headers":["Via"]}
Connection: keep-alive
Vary: Origin
Vary: Access-Control-Request-Method
Vary: Access-Control-Request-Headers
X-Content-Type-Options: nosniff
X-Xss-Protection: 1; mode=block
Cache-Control: no-cache, no-store, max-age=0, must-revalidate
Pragma: no-cache
Expires: 0
Strict-Transport-Security: max-age=31536000 ; includeSubDomains
X-Frame-Options: DENY
Content-Type: application/json
Transfer-Encoding: chunked
Date: Tue, 21 Nov 2023 17:48:57 GMT
Via: 1.1 vegur

{
    "token": "eyJhbGciOiJIUzUxMiJ9.eyJzdWIiOiJhbmd1LmdlZXRoYUBnbWFpbC5jb20iLCJpYXQiOjE3MDA1ODg5MzcsImV4cCI6MTcwMDYxNzczN30.0EhVVA3lOmQaFKP8Rf6kDp3oFwGEggiEiggiRcmECqXrEZlTgPUMZfc1OtCocGb8DGOSz4E51hGOq98xVcLzoQ",
    "type": "Bearer ",
    "userId": 93,
    "loginUserEmail": "angu.geetha@gmail.com",
    "roles": [
        "ROLE_DIETICIAN"
    ]
}
[INFO ] 2023-11-21 12:48:58.065 [main] LoggerLoad - Login POST successful
  &amp#27;[32mThen &amp#27;[0m&amp#27;[32mUser receives Status with response body containing token information.&amp#27;[0m                                                              &amp#27;[90m# stepdefinitions.LoginSteps.user_receives_status_with_response_body_containing_token_information()&amp#27;[0m
[INFO ] 2023-11-21 12:48:58.076 [main] LoggerLoad - Get request created
  &amp#27;[32mGiven &amp#27;[0m&amp#27;[32mUser creates GET Request for the dietician/patient API endpoint with fields from &amp#27;[0m&amp#27;[32m&amp#27;[1m"getpatient"&amp#27;[0m&amp#27;[32m with &amp#27;[0m&amp#27;[32m&amp#27;[1m"get_patient_invalid_endpoint"&amp#27;[0m &amp#27;[90m# stepdefinitions.PatientSteps.user_creates_get_request_for_the_dietician_patient_api_endpoint_with_fields_from_with(java.lang.String,java.lang.String)&amp#27;[0m
[INFO ] 2023-11-21 12:48:58.077 [main] LoggerLoad - baseUrlhttps://dietician-dev-41d9a344a720.herokuapp.com/dietician
Request method:	GET
Request URI:	https://dietician-dev-41d9a344a720.herokuapp.com/dietician/patient0000
Proxy:			<none>
Request params:	<none>
Query params:	<none>
Form params:	<none>
Path params:	<none>
Headers:		Authorization=Bearer eyJhbGciOiJIUzUxMiJ9.eyJzdWIiOiJhbmd1LmdlZXRoYUBnbWFpbC5jb20iLCJpYXQiOjE3MDA1ODg5MzcsImV4cCI6MTcwMDYxNzczN30.0EhVVA3lOmQaFKP8Rf6kDp3oFwGEggiEiggiRcmECqXrEZlTgPUMZfc1OtCocGb8DGOSz4E51hGOq98xVcLzoQ
				Accept=*/*
				Content-Type=application/json
Cookies:		<none>
Multiparts:		<none>
Body:			<none>
[INFO ] 2023-11-21 12:48:58.288 [main] LoggerLoad - Patient POST request sent
  &amp#27;[32mWhen &amp#27;[0m&amp#27;[32mUser sends HTTP Get patient Request &amp#27;[0m&amp#27;[32m&amp#27;[1m"get_patient_invalid_endpoint"&amp#27;[0m                                                                 &amp#27;[90m# stepdefinitions.PatientSteps.user_sends_http_get_patient_request(java.lang.String)&amp#27;[0m
HTTP/1.1 404 
Server: Cowboy
Report-To: {"group":"heroku-nel","max_age":3600,"endpoints":[{"url":"https://nel.heroku.com/reports?ts=1700588937&sid=c46efe9b-d3d2-4a0c-8c76-bfafa16c5add&s=3xjTrlsGmX2OZ3O%2BjoFYO%2BVYf5isT4f%2BHUbQT8buGKs%3D"}]}
Reporting-Endpoints: heroku-nel=https://nel.heroku.com/reports?ts=1700588937&sid=c46efe9b-d3d2-4a0c-8c76-bfafa16c5add&s=3xjTrlsGmX2OZ3O%2BjoFYO%2BVYf5isT4f%2BHUbQT8buGKs%3D
Nel: {"report_to":"heroku-nel","max_age":3600,"success_fraction":0.005,"failure_fraction":0.05,"response_headers":["Via"]}
Connection: keep-alive
Vary: Origin
Vary: Access-Control-Request-Method
Vary: Access-Control-Request-Headers
X-Content-Type-Options: nosniff
X-Xss-Protection: 1; mode=block
Cache-Control: no-cache, no-store, max-age=0, must-revalidate
Pragma: no-cache
Expires: 0
Strict-Transport-Security: max-age=31536000 ; includeSubDomains
X-Frame-Options: DENY
Content-Type: application/json
Transfer-Encoding: chunked
Date: Tue, 21 Nov 2023 17:48:57 GMT
Via: 1.1 vegur

{
    "timestamp": "2023-11-21T17:48:57.939+00:00",
    "status": 404,
    "error": "Not Found",
    "path": "/dietician/patient0000"
}
  &amp#27;[32mThen &amp#27;[0m&amp#27;[32mUser receives response for Get patient &amp#27;[0m&amp#27;[32m&amp#27;[1m"getpatient"&amp#27;[0m&amp#27;[32m with &amp#27;[0m&amp#27;[32m&amp#27;[1m"get_patient_invalid_endpoint"&amp#27;[0m                                            &amp#27;[90m# stepdefinitions.PatientSteps.user_receives_response_for_get_patient_with(java.lang.String,java.lang.String)&amp#27;[0m
]]></system-out>
  </testcase>
  <testcase name="runScenario[&quot;Check if user able to retrieve all patients with &quot;get_patient_invalid_token&quot; endpoint and request body.&quot;, &quot;Optional[Getpatient.feature]&quot;](7)" classname="runners.TestRunner" time="0.517">
    <system-out><![CDATA[
@GetpatientModule
Scenario Outline: Check if user able to retrieve all patients with "get_patient_invalid_token" endpoint and request body.              &amp#27;[90m# src/test/resources/features/Getallpatients.feature:37&amp#27;[0m
sheetPathsrc/test/resources/data/testData.xlsx
sheetNamelogin
keydataKeyvaluelogin_valid_dietician
keyuserIdvalueangu.geetha@gmail.com
keypasswordvalueSong88
[INFO ] 2023-11-21 12:48:58.420 [main] LoggerLoad - Login Request: userId: angu.geetha@gmail.compassword: Song88
  &amp#27;[32mGiven &amp#27;[0m&amp#27;[32mUser creates POST Request for the login API.&amp#27;[0m                                                                                   &amp#27;[90m# stepdefinitions.LoginSteps.user_creates_post_request_for_the_login_api()&amp#27;[0m
Request method:	POST
Request URI:	https://dietician-dev-41d9a344a720.herokuapp.com/dietician/login
Proxy:			<none>
Request params:	<none>
Query params:	<none>
Form params:	<none>
Path params:	<none>
Headers:		Accept=*/*
				Content-Type=application/json
Cookies:		<none>
Multiparts:		<none>
Body:
{
    "userLoginEmail": "angu.geetha@gmail.com",
    "password": "Song88"
}
  &amp#27;[32mWhen &amp#27;[0m&amp#27;[32mUser sends HTTPS Request with valid credentials on the request Body.&amp#27;[0m                                                            &amp#27;[90m# stepdefinitions.LoginSteps.user_sends_https_request_with_valid_credentials_on_the_request_body()&amp#27;[0m
HTTP/1.1 200 
Server: Cowboy
Report-To: {"group":"heroku-nel","max_age":3600,"endpoints":[{"url":"https://nel.heroku.com/reports?ts=1700588938&sid=c46efe9b-d3d2-4a0c-8c76-bfafa16c5add&s=pYoW7QMjMgGvTfddjH41JqxXr0jYi9DQy8%2FIxKEbRI0%3D"}]}
Reporting-Endpoints: heroku-nel=https://nel.heroku.com/reports?ts=1700588938&sid=c46efe9b-d3d2-4a0c-8c76-bfafa16c5add&s=pYoW7QMjMgGvTfddjH41JqxXr0jYi9DQy8%2FIxKEbRI0%3D
[...]
	at java.base/java.lang.reflect.Method.invoke(Method.java:568)
	at org.codehaus.groovy.runtime.callsite.PlainObjectMetaMethodSite.doInvoke(PlainObjectMetaMethodSite.java:43)
	at org.codehaus.groovy.runtime.callsite.PogoMetaMethodSite$PogoCachedMethodSiteNoUnwrapNoCoerce.invoke(PogoMetaMethodSite.java:198)
	at org.codehaus.groovy.runtime.callsite.PogoMetaMethodSite.callCurrent(PogoMetaMethodSite.java:62)
	at org.codehaus.groovy.runtime.callsite.AbstractCallSite.callCurrent(AbstractCallSite.java:185)
	at io.restassured.internal.ResponseSpecificationImpl.statusCode(ResponseSpecificationImpl.groovy:135)
	at io.restassured.specification.ResponseSpecification$statusCode$0.callCurrent(Unknown Source)
	at io.restassured.internal.ResponseSpecificationImpl.statusCode(ResponseSpecificationImpl.groovy:143)
	at io.restassured.internal.ValidatableResponseOptionsImpl.statusCode(ValidatableResponseOptionsImpl.java:89)
	at stepdefinitions.PatientSteps.user_receives_response_for_put_patient_with(PatientSteps.java:437)
	at ✽.User receives response for Put patient "putpatient" with "put_patient_patient_token"(file:///C:/Users/rashm/eclipse-workspace/Team5-Rest-Athon/Team5-Rest-Athon-main/Team5-Rest-Athon/src/test/resources/features/Putpatient.feature:32)
]]></failure>
    <system-out><![CDATA[
@PutpatientModule
Scenario Outline: Check if user able to update a patient with "put_patient_patient_token" endpoint and request body.                   &amp#27;[90m# src/test/resources/features/Putpatient.feature:43&amp#27;[0m
sheetPathsrc/test/resources/data/testData.xlsx
sheetNamelogin
keydataKeyvaluelogin_valid_dietician
keyuserIdvalueangu.geetha@gmail.com
keypasswordvalueSong88
[INFO ] 2023-11-21 12:49:19.904 [main] LoggerLoad - Login Request: userId: angu.geetha@gmail.compassword: Song88
  &amp#27;[32mGiven &amp#27;[0m&amp#27;[32mUser creates POST Request for the login API.&amp#27;[0m                                                                                   &amp#27;[90m# stepdefinitions.LoginSteps.user_creates_post_request_for_the_login_api()&amp#27;[0m
Request method:	POST
Request URI:	https://dietician-dev-41d9a344a720.herokuapp.com/dietician/login
Proxy:			<none>
Request params:	<none>
Query params:	<none>
Form params:	<none>
Path params:	<none>
Headers:		Accept=*/*
				Content-Type=application/json
Cookies:		<none>
Multiparts:		<none>
Body:
{
    "userLoginEmail": "angu.geetha@gmail.com",
    "password": "Song88"
}
  &amp#27;[32mWhen &amp#27;[0m&amp#27;[32mUser sends HTTPS Request with valid credentials on the request Body.&amp#27;[0m                                                            &amp#27;[90m# stepdefinitions.LoginSteps.user_sends_https_request_with_valid_credentials_on_the_request_body()&amp#27;[0m
HTTP/1.1 200 
Server: Cowboy
Report-To: {"group":"heroku-nel","max_age":3600,"endpoints":[{"url":"https://nel.heroku.com/reports?ts=1700588959&sid=c46efe9b-d3d2-4a0c-8c76-bfafa16c5add&s=x3ElR8ve34MrnFiDmbEJS5hL1%2BwZyigx1Oxlykh4oK8%3D"}]}
Reporting-Endpoints: heroku-nel=https://nel.heroku.com/reports?ts=1700588959&sid=c46efe9b-d3d2-4a0c-8c76-bfafa16c5add&s=x3ElR8ve34MrnFiDmbEJS5hL1%2BwZyigx1Oxlykh4oK8%3D
Nel: {"report_to":"heroku-nel","max_age":3600,"success_fraction":0.005,"failure_fraction":0.05,"response_headers":["Via"]}
Connection: keep-alive
Vary: Origin
Vary: Access-Control-Request-Method
Vary: Access-Control-Request-Headers
X-Content-Type-Options: nosniff
X-Xss-Protection: 1; mode=block
Cache-Control: no-cache, no-store, max-age=0, must-revalidate
Pragma: no-cache
Expires: 0
Strict-Transport-Security: max-age=31536000 ; includeSubDomains
X-Frame-Options: DENY
Content-Type: application/json
Transfer-Encoding: chunked
Date: Tue, 21 Nov 2023 17:49:19 GMT
Via: 1.1 vegur

{
    "token": "eyJhbGciOiJIUzUxMiJ9.eyJzdWIiOiJhbmd1LmdlZXRoYUBnbWFpbC5jb20iLCJpYXQiOjE3MDA1ODg5NTksImV4cCI6MTcwMDYxNzc1OX0.h_k67QFGLXkZrW6poXY9drVj1TD3j7fc5bAG4_uTXBlVGUW6ELMADZhUk-QG2H3KxNwh_-WT8xhHIe-ymw_DiQ",
    "type": "Bearer ",
    "userId": 93,
    "loginUserEmail": "angu.geetha@gmail.com",
    "roles": [
        "ROLE_DIETICIAN"
    ]
}
HTTP/1.1 200 
Server: Cowboy
Report-To: {"group":"heroku-nel","max_age":3600,"endpoints":[{"url":"https://nel.heroku.com/reports?ts=1700588959&sid=c46efe9b-d3d2-4a0c-8c76-bfafa16c5add&s=x3ElR8ve34MrnFiDmbEJS5hL1%2BwZyigx1Oxlykh4oK8%3D"}]}
Reporting-Endpoints: heroku-nel=https://nel.heroku.com/reports?ts=1700588959&sid=c46efe9b-d3d2-4a0c-8c76-bfafa16c5add&s=x3ElR8ve34MrnFiDmbEJS5hL1%2BwZyigx1Oxlykh4oK8%3D
Nel: {"report_to":"heroku-nel","max_age":3600,"success_fraction":0.005,"failure_fraction":0.05,"response_headers":["Via"]}
Connection: keep-alive
Vary: Origin
Vary: Access-Control-Request-Method
Vary: Access-Control-Request-Headers
X-Content-Type-Options: nosniff
X-Xss-Protection: 1; mode=block
Cache-Control: no-cache, no-store, max-age=0, must-revalidate
Pragma: no-cache
Expires: 0
Strict-Transport-Security: max-age=31536000 ; includeSubDomains
X-Frame-Options: DENY
Content-Type: application/json
Transfer-Encoding: chunked
Date: Tue, 21 Nov 2023 17:49:19 GMT
Via: 1.1 vegur

{
    "token": "eyJhbGciOiJIUzUxMiJ9.eyJzdWIiOiJhbmd1LmdlZXRoYUBnbWFpbC5jb20iLCJpYXQiOjE3MDA1ODg5NTksImV4cCI6MTcwMDYxNzc1OX0.h_k67QFGLXkZrW6poXY9drVj1TD3j7fc5bAG4_uTXBlVGUW6ELMADZhUk-QG2H3KxNwh_-WT8xhHIe-ymw_DiQ",
    "type": "Bearer ",
    "userId": 93,
    "loginUserEmail": "angu.geetha@gmail.com",
    "roles": [
        "ROLE_DIETICIAN"
    ]
}
[INFO ] 2023-11-21 12:49:20.121 [main] LoggerLoad - Login POST successful
  &amp#27;[32mThen &amp#27;[0m&amp#27;[32mUser receives Status with response body containing token information.&amp#27;[0m                                                           &amp#27;[90m# stepdefinitions.LoginSteps.user_receives_status_with_response_body_containing_token_information()&amp#27;[0m
sheetPathsrc/test/resources/data/testData.xlsx
sheetNameputpatient
keydataKeyvalueput_patient_patient_token
keyfirstnamevaluejade
keylastnamevalueudans
keycontactnumbervalue7979797979
keyemailvalueudans@gmail.com
keyallergyvalueegg
keyfoodcatvalueVegan
keydobvalue1988-10-10
put paitient PostPatientRequest [FirstName=jade, LastName=udans, ContactNumber=7979797979, Email=udans@gmail.com, Allergy=egg, FoodCategory=Vegan, DateOfBirth=1988-10-10]
[INFO ] 2023-11-21 12:49:20.165 [main] LoggerLoad - PUT request created
  &amp#27;[32mGiven &amp#27;[0m&amp#27;[32mUser creates Put Request for the dietician/patient API endpoint with fields from &amp#27;[0m&amp#27;[32m&amp#27;[1m"putpatient"&amp#27;[0m&amp#27;[32m with &amp#27;[0m&amp#27;[32m&amp#27;[1m"put_patient_patient_token"&amp#27;[0m &amp#27;[90m# stepdefinitions.PatientSteps.user_creates_put_request_for_the_dietician_patient_api_endpoint_with_fields_from_with(java.lang.String,java.lang.String)&amp#27;[0m
[INFO ] 2023-11-21 12:49:20.169 [main] LoggerLoad - baseUrlhttps://dietician-dev-41d9a344a720.herokuapp.com/dietician
ResultingJSONstring = {"FirstName":"jade","LastName":"udans","ContactNumber":7979797979,"Email":"udans@gmail.com","Allergy":"egg","FoodCategory":"Vegan","DateOfBirth":"1988-10-10"}
Request method:	PUT
Request URI:	https://dietician-dev-41d9a344a720.herokuapp.com/dietician/patient/5343?patientInfo=%7B%22FirstName%22%3A%22jade%22%2C%22LastName%22%3A%22udans%22%2C%22ContactNumber%22%3A7979797979%2C%22Email%22%3A%22udans%40gmail.com%22%2C%22Allergy%22%3A%22egg%22%2C%22FoodCategory%22%3A%22Vegan%22%2C%22DateOfBirth%22%3A%221988-10-10%22%7D
Proxy:			<none>
Request params:	<none>
Query params:	patientInfo={"FirstName":"jade","LastName":"udans","ContactNumber":7979797979,"Email":"udans@gmail.com","Allergy":"egg","FoodCategory":"Vegan","DateOfBirth":"1988-10-10"}
Form params:	<none>
Path params:	<none>
Headers:		Authorization=Bearer eyJhbGciOiJIUzUxMiJ9.eyJzdWIiOiJhbmd1LmdlZXRoYUBnbWFpbC5jb20iLCJpYXQiOjE3MDA1ODg5NTksImV4cCI6MTcwMDYxNzc1OX0.h_k67QFGLXkZrW6poXY9drVj1TD3j7fc5bAG4_uTXBlVGUW6ELMADZhUk-QG2H3KxNwh_-WT8xhHIe-ymw_DiQ
				Accept=*/*
				Content-Type=multipart/form-data
Cookies:		<none>
Multiparts:		------------
				Content-Disposition: form-data; name = file; filename = Hypo Thyroid-Report.pdf
				Content-Type: application/octet-stream

				.\src\test\resources\Hypo Thyroid-Report.pdf
Body:			<none>
[INFO ] 2023-11-21 12:49:20.479 [main] LoggerLoad - Patient POST request sent
  &amp#27;[32mWhen &amp#27;[0m&amp#27;[32mUser sends HTTP Put patient Request &amp#27;[0m&amp#27;[32m&amp#27;[1m"put_patient_patient_token"&amp#27;[0m                                                                 &amp#27;[90m# stepdefinitions.PatientSteps.user_sends_http_put_patient_request(java.lang.String)&amp#27;[0m
HTTP/1.1 200 
Server: Cowboy
Report-To: {"group":"heroku-nel","max_age":3600,"endpoints":[{"url":"https://nel.heroku.com/reports?ts=1700588959&sid=c46efe9b-d3d2-4a0c-8c76-bfafa16c5add&s=x3ElR8ve34MrnFiDmbEJS5hL1%2BwZyigx1Oxlykh4oK8%3D"}]}
Reporting-Endpoints: heroku-nel=https://nel.heroku.com/reports?ts=1700588959&sid=c46efe9b-d3d2-4a0c-8c76-bfafa16c5add&s=x3ElR8ve34MrnFiDmbEJS5hL1%2BwZyigx1Oxlykh4oK8%3D
Nel: {"report_to":"heroku-nel","max_age":3600,"success_fraction":0.005,"failure_fraction":0.05,"response_headers":["Via"]}
Connection: keep-alive
Vary: Origin
Vary: Access-Control-Request-Method
Vary: Access-Control-Request-Headers
X-Content-Type-Options: nosniff
X-Xss-Protection: 1; mode=block
Cache-Control: no-cache, no-store, max-age=0, must-revalidate
Pragma: no-cache
Expires: 0
Strict-Transport-Security: max-age=31536000 ; includeSubDomains
X-Frame-Options: DENY
Content-Type: application/json
Transfer-Encoding: chunked
Date: Tue, 21 Nov 2023 17:49:19 GMT
Via: 1.1 vegur

{
    "patientId": 5343,
    "FirstName": "jade",
    "LastName": "udans",
    "ContactNumber": "7979797979",
    "Email": "udans@gmail.com",
    "Allergy": "egg",
    "FoodCategory": "Vegan",
    "FileMorbidity": {
        "655ccc47fa57dd184cbeaa20": {
            "T4": "1.22 µg/dl",
            "TSH": "100.0 mIU/L"
        },
        "655c37c7fa57dd184cbea40a": {
            "Average Glucose": "131.0 mg/dl",
            "HbA1c": "6.5 %"
        },
        "655ccc60fa57dd184cbeaa22": {
            "T4": "1.22 µg/dl",
            "TSH": "100.0 mIU/L"
        },
        "655ced9b9cc3984158e1935b": {
            "T4": "1.22 µg/dl",
            "TSH": "100.0 mIU/L"
        },
        "655ce90a9cc3984158e1931f": {
            "T4": "1.22 µg/dl",
            "TSH": "100.0 mIU/L"
        },
        "655ce9d79cc3984158e1932f": {
            "T4": "1.22 µg/dl",
            "TSH": "100.0 mIU/L"
        },
        "655ce8b39cc3984158e19311": {
            "T4": "1.22 µg/dl",
            "TSH": "100.0 mIU/L"
        },
        "655ce9109cc3984158e19325": {
            "T4": "1.22 µg/dl",
            "TSH": "100.0 mIU/L"
        },
        "655ced9b9cc3984158e1935d": {
            "T4": "1.22 µg/dl",
            "TSH": "100.0 mIU/L"
        },
        "655ce90e9cc3984158e19323": {
            "T4": "1.22 µg/dl",
            "TSH": "100.0 mIU/L"
        },
        "655ce9db9cc3984158e19333": {
            "T4": "1.22 µg/dl",
            "TSH": "100.0 mIU/L"
        },
        "655c4a45fa57dd184cbea60a": {
            "T4": "1.22 µg/dl",
            "TSH": "100.0 mIU/L"
        },
        "655c37dbfa57dd184cbea412": {
            "T4": "1.22 µg/dl",
            "TSH": "100.0 mIU/L"
        },
        "655caf4cfa57dd184cbea8c0": {
            "T4": "1.22 µg/dl",
            "TSH": "100.0 mIU/L"
        },
        "655cea739cc3984158e19337": {
            "T4": "1.22 µg/dl",
            "TSH": "100.0 mIU/L"
        },
        "655cea779cc3984158e1933b": {
            "T4": "1.22 µg/dl",
            "TSH": "100.0 mIU/L"
        },
        "655c37d9fa57dd184cbea410": {
            "T4": "1.22 µg/dl",
            "TSH": "100.0 mIU/L"
        },
        "655caf50fa57dd184cbea8c4": {
            "T4": "1.22 µg/dl",
            "TSH": "100.0 mIU/L"
        },
        "655ce9da9cc3984158e19331": {
            "T4": "1.22 µg/dl",
            "TSH": "100.0 mIU/L"
        },
        "655ce9d69cc3984158e1932d": {
            "T4": "1.22 µg/dl",
            "TSH": "100.0 mIU/L"
        },
        "655ccc16fa57dd184cbeaa18": {
            "T4": "1.22 µg/dl",
            "TSH": "100.0 mIU/L"
        },
        "655ccc0afa57dd184cbeaa16": {
            "T4": "1.22 µg/dl",
            "TSH": "100.0 mIU/L"
        },
        "655ced9e9cc3984158e1935f": {
            "T4": "1.22 µg/dl",
            "TSH": "100.0 mIU/L"
        },
        "655ce8b89cc3984158e19317": {
            "T4": "1.22 µg/dl",
            "TSH": "100.0 mIU/L"
        },
        "655ce8b69cc3984158e19315": {
            "T4": "1.22 µg/dl",
            "TSH": "100.0 mIU/L"
        },
        "655ce90b9cc3984158e19321": {
            "T4": "1.22 µg/dl",
            "TSH": "100.0 mIU/L"
        },
        "655ce8b49cc3984158e19313": {
            "T4": "1.22 µg/dl",
            "TSH": "100.0 mIU/L"
        },
        "655ceda09cc3984158e19361": {
            "T4": "1.22 µg/dl",
            "TSH": "100.0 mIU/L"
        },
        "655c4a42fa57dd184cbea606": {
            "T4": "1.22 µg/dl",
            "TSH": "100.0 mIU/L"
        },
        "655c4a46fa57dd184cbea60c": {
            "T4": "1.22 µg/dl",
            "TSH": "100.0 mIU/L"
        },
        "655c4a42fa57dd184cbea608": {
            "T4": "1.22 µg/dl",
            "TSH": "100.0 mIU/L"
        },
        "655c37dcfa57dd184cbea414": {
            "T4": "1.22 µg/dl",
            "TSH": "100.0 mIU/L"
        },
        "655caf4bfa57dd184cbea8be": {
            "T4": "1.22 µg/dl",
            "TSH": "100.0 mIU/L"
        },
        "655cea769cc3984158e19339": {
            "T4": "1.22 µg/dl",
            "TSH": "100.0 mIU/L"
        },
        "655c37d8fa57dd184cbea40c": {
            "T4": "1.22 µg/dl",
            "TSH": "100.0 mIU/L"
        },
        "655caf4ffa57dd184cbea8c2": {
            "T4": "1.22 µg/dl",
            "TSH": "100.0 mIU/L"
        },
        "655cea729cc3984158e19335": {
            "T4": "1.22 µg/dl",
            "TSH": "100.0 mIU/L"
        }
    },
    "FileMorbidityCondition": {
        "655ccc47fa57dd184cbeaa20": "Thyroid: Hypothyroidism \n",
        "655c37c7fa57dd184cbea40a": "Prediabetic \n",
        "655ccc60fa57dd184cbeaa22": "Thyroid: Hypothyroidism \n",
        "655ced9b9cc3984158e1935b": "Thyroid: Hypothyroidism \n",
        "655ce90a9cc3984158e1931f": "Thyroid: Hypothyroidism \n",
        "655ce9d79cc3984158e1932f": "Thyroid: Hypothyroidism \n",
        "655ce8b39cc3984158e19311": "Thyroid: Hypothyroidism \n",
        "655ce9109cc3984158e19325": "Thyroid: Hypothyroidism \n",
        "655ced9b9cc3984158e1935d": "Thyroid: Hypothyroidism \n",
        "655ce90e9cc3984158e19323": "Thyroid: Hypothyroidism \n",
        "655ce9db9cc3984158e19333": "Thyroid: Hypothyroidism \n",
        "655c4a45fa57dd184cbea60a": "Thyroid: Hypothyroidism \n",
        "655c37dbfa57dd184cbea412": "Thyroid: Hypothyroidism \n",
        "655caf4cfa57dd184cbea8c0": "Thyroid: Hypothyroidism \n",
        "655cea739cc3984158e19337": "Thyroid: Hypothyroidism \n",
        "655cea779cc3984158e1933b": "Thyroid: Hypothyroidism \n",
        "655c37d9fa57dd184cbea410": "Thyroid: Hypothyroidism \n",
        "655caf50fa57dd184cbea8c4": "Thyroid: Hypothyroidism \n",
        "655ce9da9cc3984158e19331": "Thyroid: Hypothyroidism \n",
        "655ce9d69cc3984158e1932d": "Thyroid: Hypothyroidism \n",
        "655ccc16fa57dd184cbeaa18": "Thyroid: Hypothyroidism \n",
        "655ccc0afa57dd184cbeaa16": "Thyroid: Hypothyroidism \n",
        "655ced9e9cc3984158e1935f": "Thyroid: Hypothyroidism \n",
        "655ce8b89cc3984158e19317": "Thyroid: Hypothyroidism \n",
        "655ce8b69cc3984158e19315": "Thyroid: Hypothyroidism \n",
        "655ce90b9cc3984158e19321": "Thyroid: Hypothyroidism \n",
        "655ce8b49cc3984158e19313": "Thyroid: Hypothyroidism \n",
        "655ceda09cc3984158e19361": "Thyroid: Hypothyroidism \n",
        "655c4a42fa57dd184cbea606": "Thyroid: Hypothyroidism \n",
        "655c4a46fa57dd184cbea60c": "Thyroid: Hypothyroidism \n",
        "655c4a42fa57dd184cbea608": "Thyroid: Hypothyroidism \n",
        "655c37dcfa57dd184cbea414": "Thyroid: Hypothyroidism \n",
        "655caf4bfa57dd184cbea8be": "Thyroid: Hypothyroidism \n",
        "655cea769cc3984158e19339": "Thyroid: Hypothyroidism \n",
        "655c37d8fa57dd184cbea40c": "Thyroid: Hypothyroidism \n",
        "655caf4ffa57dd184cbea8c2": "Thyroid: Hypothyroidism \n",
        "655cea729cc3984158e19335": "Thyroid: Hypothyroidism \n"
    },
    "DateOfBirth": "1988-10-10T00:00:00.000+00:00",
    "DieticianId": 93
}
  &amp#27;[31mThen &amp#27;[0m&amp#27;[31mUser receives response for Put patient &amp#27;[0m&amp#27;[31m&amp#27;[1m"putpatient"&amp#27;[0m&amp#27;[31m with &amp#27;[0m&amp#27;[31m&amp#27;[1m"put_patient_patient_token"&amp#27;[0m                                            &amp#27;[90m# stepdefinitions.PatientSteps.user_receives_response_for_put_patient_with(java.lang.String,java.lang.String)&amp#27;[0m
      &amp#27;[31mjava.lang.AssertionError: 1 expectation failed.
Expected status code <403> but was <200>.

	at java.base/jdk.internal.reflect.NativeConstructorAccessorImpl.newInstance0(Native Method)
	at java.base/jdk.internal.reflect.NativeConstructorAccessorImpl.newInstance(NativeConstructorAccessorImpl.java:77)
	at java.base/jdk.internal.reflect.DelegatingConstructorAccessorImpl.newInstance(DelegatingConstructorAccessorImpl.java:45)
	at java.base/java.lang.reflect.Constructor.newInstanceWithCaller(Constructor.java:499)
	at java.base/java.lang.reflect.Constructor.newInstance(Constructor.java:480)
	at org.codehaus.groovy.reflection.CachedConstructor.invoke(CachedConstructor.java:73)
	at org.codehaus.groovy.runtime.callsite.ConstructorSite$ConstructorSiteNoUnwrapNoCoerce.callConstructor(ConstructorSite.java:108)
	at org.codehaus.groovy.runtime.callsite.AbstractCallSite.callConstructor(AbstractCallSite.java:277)
	at io.restassured.internal.ResponseSpecificationImpl$HamcrestAssertionClosure.validate(ResponseSpecificationImpl.groovy:512)
	at io.restassured.internal.ResponseSpecificationImpl$HamcrestAssertionClosure$validate$1.call(Unknown Source)
	at io.restassured.internal.ResponseSpecificationImpl.validateResponseIfRequired(ResponseSpecificationImpl.groovy:696)
	at io.restassured.internal.ResponseSpecificationImpl.this$2$validateResponseIfRequired(ResponseSpecificationImpl.groovy)
	at jdk.internal.reflect.GeneratedMethodAccessor165.invoke(Unknown Source)
	at java.base/jdk.internal.reflect.DelegatingMethodAccessorImpl.invoke(DelegatingMethodAccessorImpl.java:43)
	at java.base/java.lang.reflect.Method.invoke(Method.java:568)
	at org.codehaus.groovy.runtime.callsite.PlainObjectMetaMethodSite.doInvoke(PlainObjectMetaMethodSite.java:43)
	at org.codehaus.groovy.runtime.callsite.PogoMetaMethodSite$PogoCachedMethodSiteNoUnwrapNoCoerce.invoke(PogoMetaMethodSite.java:198)
	at org.codehaus.groovy.runtime.callsite.PogoMetaMethodSite.callCurrent(PogoMetaMethodSite.java:62)
	at org.codehaus.groovy.runtime.callsite.AbstractCallSite.callCurrent(AbstractCallSite.java:185)
	at io.restassured.internal.ResponseSpecificationImpl.statusCode(ResponseSpecificationImpl.groovy:135)
	at io.restassured.specification.ResponseSpecification$statusCode$0.callCurrent(Unknown Source)
	at io.restassured.internal.ResponseSpecificationImpl.statusCode(ResponseSpecificationImpl.groovy:143)
	at io.restassured.internal.ValidatableResponseOptionsImpl.statusCode(ValidatableResponseOptionsImpl.java:89)
	at stepdefinitions.PatientSteps.user_receives_response_for_put_patient_with(PatientSteps.java:437)
	at âœ½.User receives response for Put patient "putpatient" with "put_patient_patient_token"(file:///C:/Users/rashm/eclipse-workspace/Team5-Rest-Athon/Team5-Rest-Athon-main/Team5-Rest-Athon/src/test/resources/features/Putpatient.feature:32)
&amp#27;[0m
]]></system-out>
  </testcase>
</testsuite>